2021-11-26T16:17:15+00:00 CRITICAL Uncaught Error: Call to a member function is_empty() on null in /home/vafh5947/public_html/wp-content/plugins/woocommerce/templates/cart/mini-cart.php:24
Stack trace:
#0 /home/vafh5947/public_html/wp-content/plugins/woocommerce/includes/wc-core-functions.php(345): include()
#1 /home/vafh5947/public_html/wp-content/plugins/woocommerce/includes/wc-template-functions.php(2215): wc_get_template('cart/mini-cart....', Array)
#2 /home/vafh5947/public_html/wp-content/themes/ornaldo/inc/woo/functions.php(146): woocommerce_mini_cart()
#3 /home/vafh5947/public_html/wp-includes/class-wp-hook.php(303): ftc_canvas_cart('')
#4 /home/vafh5947/public_html/wp-includes/class-wp-hook.php(327): WP_Hook->apply_filters(NULL, Array)
#5 /home/vafh5947/public_html/wp-includes/plugin.php(470): WP_Hook->do_action(Array)
#6 /home/vafh5947/public_html/wp-includes/general-template.php(3031): do_action('wp_footer')
#7 /home/vafh5947/public_html/wp-includes/blocks/legacy-widget.php(123): wp_footer()
#8 /home/vafh5947/public_html/wp-includes/ in /home/vafh5947/public_html/wp-content/plugins/woocommerce/templates/cart/mini-cart.php on line 24

2021-11-26T16:17:25+00:00 CRITICAL Uncaught Error: Call to a member function is_empty() on null in /home/vafh5947/public_html/wp-content/plugins/woocommerce/templates/cart/mini-cart.php:24
Stack trace:
#0 /home/vafh5947/public_html/wp-content/plugins/woocommerce/includes/wc-core-functions.php(345): include()
#1 /home/vafh5947/public_html/wp-content/plugins/woocommerce/includes/wc-template-functions.php(2215): wc_get_template('cart/mini-cart....', Array)
#2 /home/vafh5947/public_html/wp-content/themes/ornaldo/inc/woo/functions.php(146): woocommerce_mini_cart()
#3 /home/vafh5947/public_html/wp-includes/class-wp-hook.php(303): ftc_canvas_cart('')
#4 /home/vafh5947/public_html/wp-includes/class-wp-hook.php(327): WP_Hook->apply_filters(NULL, Array)
#5 /home/vafh5947/public_html/wp-includes/plugin.php(470): WP_Hook->do_action(Array)
#6 /home/vafh5947/public_html/wp-includes/general-template.php(3031): do_action('wp_footer')
#7 /home/vafh5947/public_html/wp-includes/blocks/legacy-widget.php(123): wp_footer()
#8 /home/vafh5947/public_html/wp-includes/ in /home/vafh5947/public_html/wp-content/plugins/woocommerce/templates/cart/mini-cart.php on line 24

2021-11-26T16:17:53+00:00 CRITICAL Uncaught Error: Call to a member function is_empty() on null in /home/vafh5947/public_html/wp-content/plugins/woocommerce/templates/cart/mini-cart.php:24
Stack trace:
#0 /home/vafh5947/public_html/wp-content/plugins/woocommerce/includes/wc-core-functions.php(345): include()
#1 /home/vafh5947/public_html/wp-content/plugins/woocommerce/includes/wc-template-functions.php(2215): wc_get_template('cart/mini-cart....', Array)
#2 /home/vafh5947/public_html/wp-content/themes/ornaldo/inc/woo/functions.php(146): woocommerce_mini_cart()
#3 /home/vafh5947/public_html/wp-includes/class-wp-hook.php(303): ftc_canvas_cart('')
#4 /home/vafh5947/public_html/wp-includes/class-wp-hook.php(327): WP_Hook->apply_filters(NULL, Array)
#5 /home/vafh5947/public_html/wp-includes/plugin.php(470): WP_Hook->do_action(Array)
#6 /home/vafh5947/public_html/wp-includes/general-template.php(3031): do_action('wp_footer')
#7 /home/vafh5947/public_html/wp-includes/blocks/legacy-widget.php(123): wp_footer()
#8 /home/vafh5947/public_html/wp-includes/ in /home/vafh5947/public_html/wp-content/plugins/woocommerce/templates/cart/mini-cart.php on line 24

2021-11-26T16:18:26+00:00 CRITICAL Uncaught Error: Call to a member function is_empty() on null in /home/vafh5947/public_html/wp-content/plugins/woocommerce/templates/cart/mini-cart.php:24
Stack trace:
#0 /home/vafh5947/public_html/wp-content/plugins/woocommerce/includes/wc-core-functions.php(345): include()
#1 /home/vafh5947/public_html/wp-content/plugins/woocommerce/includes/wc-template-functions.php(2215): wc_get_template('cart/mini-cart....', Array)
#2 /home/vafh5947/public_html/wp-content/themes/ornaldo/inc/woo/functions.php(146): woocommerce_mini_cart()
#3 /home/vafh5947/public_html/wp-includes/class-wp-hook.php(303): ftc_canvas_cart('')
#4 /home/vafh5947/public_html/wp-includes/class-wp-hook.php(327): WP_Hook->apply_filters(NULL, Array)
#5 /home/vafh5947/public_html/wp-includes/plugin.php(470): WP_Hook->do_action(Array)
#6 /home/vafh5947/public_html/wp-includes/general-template.php(3031): do_action('wp_footer')
#7 /home/vafh5947/public_html/wp-includes/blocks/legacy-widget.php(123): wp_footer()
#8 /home/vafh5947/public_html/wp-includes/ in /home/vafh5947/public_html/wp-content/plugins/woocommerce/templates/cart/mini-cart.php on line 24

2021-11-26T16:18:33+00:00 CRITICAL Uncaught Error: Call to a member function is_empty() on null in /home/vafh5947/public_html/wp-content/plugins/woocommerce/templates/cart/mini-cart.php:24
Stack trace:
#0 /home/vafh5947/public_html/wp-content/plugins/woocommerce/includes/wc-core-functions.php(345): include()
#1 /home/vafh5947/public_html/wp-content/plugins/woocommerce/includes/wc-template-functions.php(2215): wc_get_template('cart/mini-cart....', Array)
#2 /home/vafh5947/public_html/wp-content/themes/ornaldo/inc/woo/functions.php(146): woocommerce_mini_cart()
#3 /home/vafh5947/public_html/wp-includes/class-wp-hook.php(303): ftc_canvas_cart('')
#4 /home/vafh5947/public_html/wp-includes/class-wp-hook.php(327): WP_Hook->apply_filters(NULL, Array)
#5 /home/vafh5947/public_html/wp-includes/plugin.php(470): WP_Hook->do_action(Array)
#6 /home/vafh5947/public_html/wp-includes/general-template.php(3031): do_action('wp_footer')
#7 /home/vafh5947/public_html/wp-includes/blocks/legacy-widget.php(123): wp_footer()
#8 /home/vafh5947/public_html/wp-includes/ in /home/vafh5947/public_html/wp-content/plugins/woocommerce/templates/cart/mini-cart.php on line 24

2021-11-26T16:25:55+00:00 CRITICAL Uncaught Error: Call to a member function is_empty() on null in /home/vafh5947/public_html/wp-content/plugins/woocommerce/templates/cart/mini-cart.php:24
Stack trace:
#0 /home/vafh5947/public_html/wp-content/plugins/woocommerce/includes/wc-core-functions.php(345): include()
#1 /home/vafh5947/public_html/wp-content/plugins/woocommerce/includes/wc-template-functions.php(2215): wc_get_template('cart/mini-cart....', Array)
#2 /home/vafh5947/public_html/wp-content/themes/ornaldo/inc/woo/functions.php(146): woocommerce_mini_cart()
#3 /home/vafh5947/public_html/wp-includes/class-wp-hook.php(303): ftc_canvas_cart('')
#4 /home/vafh5947/public_html/wp-includes/class-wp-hook.php(327): WP_Hook->apply_filters(NULL, Array)
#5 /home/vafh5947/public_html/wp-includes/plugin.php(470): WP_Hook->do_action(Array)
#6 /home/vafh5947/public_html/wp-includes/general-template.php(3031): do_action('wp_footer')
#7 /home/vafh5947/public_html/wp-includes/blocks/legacy-widget.php(123): wp_footer()
#8 /home/vafh5947/public_html/wp-includes/ in /home/vafh5947/public_html/wp-content/plugins/woocommerce/templates/cart/mini-cart.php on line 24

2021-11-26T16:41:40+00:00 CRITICAL Uncaught Error: Call to a member function is_empty() on null in /home/vafh5947/public_html/wp-content/plugins/woocommerce/templates/cart/mini-cart.php:24
Stack trace:
#0 /home/vafh5947/public_html/wp-content/plugins/woocommerce/includes/wc-core-functions.php(345): include()
#1 /home/vafh5947/public_html/wp-content/plugins/woocommerce/includes/wc-template-functions.php(2215): wc_get_template('cart/mini-cart....', Array)
#2 /home/vafh5947/public_html/wp-content/themes/ornaldo/inc/woo/functions.php(146): woocommerce_mini_cart()
#3 /home/vafh5947/public_html/wp-includes/class-wp-hook.php(303): ftc_canvas_cart('')
#4 /home/vafh5947/public_html/wp-includes/class-wp-hook.php(327): WP_Hook->apply_filters(NULL, Array)
#5 /home/vafh5947/public_html/wp-includes/plugin.php(470): WP_Hook->do_action(Array)
#6 /home/vafh5947/public_html/wp-includes/general-template.php(3031): do_action('wp_footer')
#7 /home/vafh5947/public_html/wp-includes/blocks/legacy-widget.php(123): wp_footer()
#8 /home/vafh5947/public_html/wp-includes/ in /home/vafh5947/public_html/wp-content/plugins/woocommerce/templates/cart/mini-cart.php on line 24

2021-11-26T16:41:54+00:00 CRITICAL Uncaught Error: Call to a member function is_empty() on null in /home/vafh5947/public_html/wp-content/plugins/woocommerce/templates/cart/mini-cart.php:24
Stack trace:
#0 /home/vafh5947/public_html/wp-content/plugins/woocommerce/includes/wc-core-functions.php(345): include()
#1 /home/vafh5947/public_html/wp-content/plugins/woocommerce/includes/wc-template-functions.php(2215): wc_get_template('cart/mini-cart....', Array)
#2 /home/vafh5947/public_html/wp-content/themes/ornaldo/inc/woo/functions.php(146): woocommerce_mini_cart()
#3 /home/vafh5947/public_html/wp-includes/class-wp-hook.php(303): ftc_canvas_cart('')
#4 /home/vafh5947/public_html/wp-includes/class-wp-hook.php(327): WP_Hook->apply_filters(NULL, Array)
#5 /home/vafh5947/public_html/wp-includes/plugin.php(470): WP_Hook->do_action(Array)
#6 /home/vafh5947/public_html/wp-includes/general-template.php(3031): do_action('wp_footer')
#7 /home/vafh5947/public_html/wp-includes/blocks/legacy-widget.php(123): wp_footer()
#8 /home/vafh5947/public_html/wp-includes/ in /home/vafh5947/public_html/wp-content/plugins/woocommerce/templates/cart/mini-cart.php on line 24

2021-11-26T17:37:16+00:00 CRITICAL Uncaught Error: Call to a member function is_empty() on null in /home/vafh5947/public_html/wp-content/plugins/woocommerce/templates/cart/mini-cart.php:24
Stack trace:
#0 /home/vafh5947/public_html/wp-content/plugins/woocommerce/includes/wc-core-functions.php(345): include()
#1 /home/vafh5947/public_html/wp-content/plugins/woocommerce/includes/wc-template-functions.php(2215): wc_get_template('cart/mini-cart....', Array)
#2 /home/vafh5947/public_html/wp-content/themes/ornaldo/inc/woo/functions.php(146): woocommerce_mini_cart()
#3 /home/vafh5947/public_html/wp-includes/class-wp-hook.php(303): ftc_canvas_cart('')
#4 /home/vafh5947/public_html/wp-includes/class-wp-hook.php(327): WP_Hook->apply_filters(NULL, Array)
#5 /home/vafh5947/public_html/wp-includes/plugin.php(470): WP_Hook->do_action(Array)
#6 /home/vafh5947/public_html/wp-includes/general-template.php(3031): do_action('wp_footer')
#7 /home/vafh5947/public_html/wp-includes/blocks/legacy-widget.php(123): wp_footer()
#8 /home/vafh5947/public_html/wp-includes/ in /home/vafh5947/public_html/wp-content/plugins/woocommerce/templates/cart/mini-cart.php on line 24

2021-11-26T17:37:17+00:00 CRITICAL Uncaught Error: Call to a member function is_empty() on null in /home/vafh5947/public_html/wp-content/plugins/woocommerce/templates/cart/mini-cart.php:24
Stack trace:
#0 /home/vafh5947/public_html/wp-content/plugins/woocommerce/includes/wc-core-functions.php(345): include()
#1 /home/vafh5947/public_html/wp-content/plugins/woocommerce/includes/wc-template-functions.php(2215): wc_get_template('cart/mini-cart....', Array)
#2 /home/vafh5947/public_html/wp-content/themes/ornaldo/inc/woo/functions.php(146): woocommerce_mini_cart()
#3 /home/vafh5947/public_html/wp-includes/class-wp-hook.php(303): ftc_canvas_cart('')
#4 /home/vafh5947/public_html/wp-includes/class-wp-hook.php(327): WP_Hook->apply_filters(NULL, Array)
#5 /home/vafh5947/public_html/wp-includes/plugin.php(470): WP_Hook->do_action(Array)
#6 /home/vafh5947/public_html/wp-includes/general-template.php(3031): do_action('wp_footer')
#7 /home/vafh5947/public_html/wp-includes/blocks/legacy-widget.php(123): wp_footer()
#8 /home/vafh5947/public_html/wp-includes/ in /home/vafh5947/public_html/wp-content/plugins/woocommerce/templates/cart/mini-cart.php on line 24

2021-11-26T17:37:18+00:00 CRITICAL Uncaught Error: Call to a member function is_empty() on null in /home/vafh5947/public_html/wp-content/plugins/woocommerce/templates/cart/mini-cart.php:24
Stack trace:
#0 /home/vafh5947/public_html/wp-content/plugins/woocommerce/includes/wc-core-functions.php(345): include()
#1 /home/vafh5947/public_html/wp-content/plugins/woocommerce/includes/wc-template-functions.php(2215): wc_get_template('cart/mini-cart....', Array)
#2 /home/vafh5947/public_html/wp-content/themes/ornaldo/inc/woo/functions.php(146): woocommerce_mini_cart()
#3 /home/vafh5947/public_html/wp-includes/class-wp-hook.php(303): ftc_canvas_cart('')
#4 /home/vafh5947/public_html/wp-includes/class-wp-hook.php(327): WP_Hook->apply_filters(NULL, Array)
#5 /home/vafh5947/public_html/wp-includes/plugin.php(470): WP_Hook->do_action(Array)
#6 /home/vafh5947/public_html/wp-includes/general-template.php(3031): do_action('wp_footer')
#7 /home/vafh5947/public_html/wp-includes/blocks/legacy-widget.php(123): wp_footer()
#8 /home/vafh5947/public_html/wp-includes/ in /home/vafh5947/public_html/wp-content/plugins/woocommerce/templates/cart/mini-cart.php on line 24

2021-11-26T17:37:18+00:00 CRITICAL Uncaught Error: Call to a member function is_empty() on null in /home/vafh5947/public_html/wp-content/plugins/woocommerce/templates/cart/mini-cart.php:24
Stack trace:
#0 /home/vafh5947/public_html/wp-content/plugins/woocommerce/includes/wc-core-functions.php(345): include()
#1 /home/vafh5947/public_html/wp-content/plugins/woocommerce/includes/wc-template-functions.php(2215): wc_get_template('cart/mini-cart....', Array)
#2 /home/vafh5947/public_html/wp-content/themes/ornaldo/inc/woo/functions.php(146): woocommerce_mini_cart()
#3 /home/vafh5947/public_html/wp-includes/class-wp-hook.php(303): ftc_canvas_cart('')
#4 /home/vafh5947/public_html/wp-includes/class-wp-hook.php(327): WP_Hook->apply_filters(NULL, Array)
#5 /home/vafh5947/public_html/wp-includes/plugin.php(470): WP_Hook->do_action(Array)
#6 /home/vafh5947/public_html/wp-includes/general-template.php(3031): do_action('wp_footer')
#7 /home/vafh5947/public_html/wp-includes/blocks/legacy-widget.php(123): wp_footer()
#8 /home/vafh5947/public_html/wp-includes/ in /home/vafh5947/public_html/wp-content/plugins/woocommerce/templates/cart/mini-cart.php on line 24

2021-11-26T17:37:19+00:00 CRITICAL Uncaught Error: Call to a member function is_empty() on null in /home/vafh5947/public_html/wp-content/plugins/woocommerce/templates/cart/mini-cart.php:24
Stack trace:
#0 /home/vafh5947/public_html/wp-content/plugins/woocommerce/includes/wc-core-functions.php(345): include()
#1 /home/vafh5947/public_html/wp-content/plugins/woocommerce/includes/wc-template-functions.php(2215): wc_get_template('cart/mini-cart....', Array)
#2 /home/vafh5947/public_html/wp-content/themes/ornaldo/inc/woo/functions.php(146): woocommerce_mini_cart()
#3 /home/vafh5947/public_html/wp-includes/class-wp-hook.php(303): ftc_canvas_cart('')
#4 /home/vafh5947/public_html/wp-includes/class-wp-hook.php(327): WP_Hook->apply_filters(NULL, Array)
#5 /home/vafh5947/public_html/wp-includes/plugin.php(470): WP_Hook->do_action(Array)
#6 /home/vafh5947/public_html/wp-includes/general-template.php(3031): do_action('wp_footer')
#7 /home/vafh5947/public_html/wp-includes/blocks/legacy-widget.php(123): wp_footer()
#8 /home/vafh5947/public_html/wp-includes/ in /home/vafh5947/public_html/wp-content/plugins/woocommerce/templates/cart/mini-cart.php on line 24

2021-11-26T17:37:19+00:00 CRITICAL Uncaught Error: Call to a member function is_empty() on null in /home/vafh5947/public_html/wp-content/plugins/woocommerce/templates/cart/mini-cart.php:24
Stack trace:
#0 /home/vafh5947/public_html/wp-content/plugins/woocommerce/includes/wc-core-functions.php(345): include()
#1 /home/vafh5947/public_html/wp-content/plugins/woocommerce/includes/wc-template-functions.php(2215): wc_get_template('cart/mini-cart....', Array)
#2 /home/vafh5947/public_html/wp-content/themes/ornaldo/inc/woo/functions.php(146): woocommerce_mini_cart()
#3 /home/vafh5947/public_html/wp-includes/class-wp-hook.php(303): ftc_canvas_cart('')
#4 /home/vafh5947/public_html/wp-includes/class-wp-hook.php(327): WP_Hook->apply_filters(NULL, Array)
#5 /home/vafh5947/public_html/wp-includes/plugin.php(470): WP_Hook->do_action(Array)
#6 /home/vafh5947/public_html/wp-includes/general-template.php(3031): do_action('wp_footer')
#7 /home/vafh5947/public_html/wp-includes/blocks/legacy-widget.php(123): wp_footer()
#8 /home/vafh5947/public_html/wp-includes/ in /home/vafh5947/public_html/wp-content/plugins/woocommerce/templates/cart/mini-cart.php on line 24

2021-11-26T17:37:19+00:00 CRITICAL Uncaught Error: Call to a member function is_empty() on null in /home/vafh5947/public_html/wp-content/plugins/woocommerce/templates/cart/mini-cart.php:24
Stack trace:
#0 /home/vafh5947/public_html/wp-content/plugins/woocommerce/includes/wc-core-functions.php(345): include()
#1 /home/vafh5947/public_html/wp-content/plugins/woocommerce/includes/wc-template-functions.php(2215): wc_get_template('cart/mini-cart....', Array)
#2 /home/vafh5947/public_html/wp-content/themes/ornaldo/inc/woo/functions.php(146): woocommerce_mini_cart()
#3 /home/vafh5947/public_html/wp-includes/class-wp-hook.php(303): ftc_canvas_cart('')
#4 /home/vafh5947/public_html/wp-includes/class-wp-hook.php(327): WP_Hook->apply_filters(NULL, Array)
#5 /home/vafh5947/public_html/wp-includes/plugin.php(470): WP_Hook->do_action(Array)
#6 /home/vafh5947/public_html/wp-includes/general-template.php(3031): do_action('wp_footer')
#7 /home/vafh5947/public_html/wp-includes/blocks/legacy-widget.php(123): wp_footer()
#8 /home/vafh5947/public_html/wp-includes/ in /home/vafh5947/public_html/wp-content/plugins/woocommerce/templates/cart/mini-cart.php on line 24

2021-11-26T17:37:19+00:00 CRITICAL Uncaught Error: Call to a member function is_empty() on null in /home/vafh5947/public_html/wp-content/plugins/woocommerce/templates/cart/mini-cart.php:24
Stack trace:
#0 /home/vafh5947/public_html/wp-content/plugins/woocommerce/includes/wc-core-functions.php(345): include()
#1 /home/vafh5947/public_html/wp-content/plugins/woocommerce/includes/wc-template-functions.php(2215): wc_get_template('cart/mini-cart....', Array)
#2 /home/vafh5947/public_html/wp-content/themes/ornaldo/inc/woo/functions.php(146): woocommerce_mini_cart()
#3 /home/vafh5947/public_html/wp-includes/class-wp-hook.php(303): ftc_canvas_cart('')
#4 /home/vafh5947/public_html/wp-includes/class-wp-hook.php(327): WP_Hook->apply_filters(NULL, Array)
#5 /home/vafh5947/public_html/wp-includes/plugin.php(470): WP_Hook->do_action(Array)
#6 /home/vafh5947/public_html/wp-includes/general-template.php(3031): do_action('wp_footer')
#7 /home/vafh5947/public_html/wp-includes/blocks/legacy-widget.php(123): wp_footer()
#8 /home/vafh5947/public_html/wp-includes/ in /home/vafh5947/public_html/wp-content/plugins/woocommerce/templates/cart/mini-cart.php on line 24

2021-11-26T17:37:22+00:00 CRITICAL Uncaught Error: Call to a member function is_empty() on null in /home/vafh5947/public_html/wp-content/plugins/woocommerce/templates/cart/mini-cart.php:24
Stack trace:
#0 /home/vafh5947/public_html/wp-content/plugins/woocommerce/includes/wc-core-functions.php(345): include()
#1 /home/vafh5947/public_html/wp-content/plugins/woocommerce/includes/wc-template-functions.php(2215): wc_get_template('cart/mini-cart....', Array)
#2 /home/vafh5947/public_html/wp-content/themes/ornaldo/inc/woo/functions.php(146): woocommerce_mini_cart()
#3 /home/vafh5947/public_html/wp-includes/class-wp-hook.php(303): ftc_canvas_cart('')
#4 /home/vafh5947/public_html/wp-includes/class-wp-hook.php(327): WP_Hook->apply_filters(NULL, Array)
#5 /home/vafh5947/public_html/wp-includes/plugin.php(470): WP_Hook->do_action(Array)
#6 /home/vafh5947/public_html/wp-includes/general-template.php(3031): do_action('wp_footer')
#7 /home/vafh5947/public_html/wp-includes/blocks/legacy-widget.php(123): wp_footer()
#8 /home/vafh5947/public_html/wp-includes/ in /home/vafh5947/public_html/wp-content/plugins/woocommerce/templates/cart/mini-cart.php on line 24

2021-11-26T17:37:22+00:00 CRITICAL Uncaught Error: Call to a member function is_empty() on null in /home/vafh5947/public_html/wp-content/plugins/woocommerce/templates/cart/mini-cart.php:24
Stack trace:
#0 /home/vafh5947/public_html/wp-content/plugins/woocommerce/includes/wc-core-functions.php(345): include()
#1 /home/vafh5947/public_html/wp-content/plugins/woocommerce/includes/wc-template-functions.php(2215): wc_get_template('cart/mini-cart....', Array)
#2 /home/vafh5947/public_html/wp-content/themes/ornaldo/inc/woo/functions.php(146): woocommerce_mini_cart()
#3 /home/vafh5947/public_html/wp-includes/class-wp-hook.php(303): ftc_canvas_cart('')
#4 /home/vafh5947/public_html/wp-includes/class-wp-hook.php(327): WP_Hook->apply_filters(NULL, Array)
#5 /home/vafh5947/public_html/wp-includes/plugin.php(470): WP_Hook->do_action(Array)
#6 /home/vafh5947/public_html/wp-includes/general-template.php(3031): do_action('wp_footer')
#7 /home/vafh5947/public_html/wp-includes/blocks/legacy-widget.php(123): wp_footer()
#8 /home/vafh5947/public_html/wp-includes/ in /home/vafh5947/public_html/wp-content/plugins/woocommerce/templates/cart/mini-cart.php on line 24

2021-11-26T17:37:22+00:00 CRITICAL Uncaught Error: Call to a member function is_empty() on null in /home/vafh5947/public_html/wp-content/plugins/woocommerce/templates/cart/mini-cart.php:24
Stack trace:
#0 /home/vafh5947/public_html/wp-content/plugins/woocommerce/includes/wc-core-functions.php(345): include()
#1 /home/vafh5947/public_html/wp-content/plugins/woocommerce/includes/wc-template-functions.php(2215): wc_get_template('cart/mini-cart....', Array)
#2 /home/vafh5947/public_html/wp-content/themes/ornaldo/inc/woo/functions.php(146): woocommerce_mini_cart()
#3 /home/vafh5947/public_html/wp-includes/class-wp-hook.php(303): ftc_canvas_cart('')
#4 /home/vafh5947/public_html/wp-includes/class-wp-hook.php(327): WP_Hook->apply_filters(NULL, Array)
#5 /home/vafh5947/public_html/wp-includes/plugin.php(470): WP_Hook->do_action(Array)
#6 /home/vafh5947/public_html/wp-includes/general-template.php(3031): do_action('wp_footer')
#7 /home/vafh5947/public_html/wp-includes/blocks/legacy-widget.php(123): wp_footer()
#8 /home/vafh5947/public_html/wp-includes/ in /home/vafh5947/public_html/wp-content/plugins/woocommerce/templates/cart/mini-cart.php on line 24

2021-11-26T17:37:22+00:00 CRITICAL Uncaught Error: Call to a member function is_empty() on null in /home/vafh5947/public_html/wp-content/plugins/woocommerce/templates/cart/mini-cart.php:24
Stack trace:
#0 /home/vafh5947/public_html/wp-content/plugins/woocommerce/includes/wc-core-functions.php(345): include()
#1 /home/vafh5947/public_html/wp-content/plugins/woocommerce/includes/wc-template-functions.php(2215): wc_get_template('cart/mini-cart....', Array)
#2 /home/vafh5947/public_html/wp-content/themes/ornaldo/inc/woo/functions.php(146): woocommerce_mini_cart()
#3 /home/vafh5947/public_html/wp-includes/class-wp-hook.php(303): ftc_canvas_cart('')
#4 /home/vafh5947/public_html/wp-includes/class-wp-hook.php(327): WP_Hook->apply_filters(NULL, Array)
#5 /home/vafh5947/public_html/wp-includes/plugin.php(470): WP_Hook->do_action(Array)
#6 /home/vafh5947/public_html/wp-includes/general-template.php(3031): do_action('wp_footer')
#7 /home/vafh5947/public_html/wp-includes/blocks/legacy-widget.php(123): wp_footer()
#8 /home/vafh5947/public_html/wp-includes/ in /home/vafh5947/public_html/wp-content/plugins/woocommerce/templates/cart/mini-cart.php on line 24

2021-11-26T17:37:23+00:00 CRITICAL Uncaught Error: Call to a member function is_empty() on null in /home/vafh5947/public_html/wp-content/plugins/woocommerce/templates/cart/mini-cart.php:24
Stack trace:
#0 /home/vafh5947/public_html/wp-content/plugins/woocommerce/includes/wc-core-functions.php(345): include()
#1 /home/vafh5947/public_html/wp-content/plugins/woocommerce/includes/wc-template-functions.php(2215): wc_get_template('cart/mini-cart....', Array)
#2 /home/vafh5947/public_html/wp-content/themes/ornaldo/inc/woo/functions.php(146): woocommerce_mini_cart()
#3 /home/vafh5947/public_html/wp-includes/class-wp-hook.php(303): ftc_canvas_cart('')
#4 /home/vafh5947/public_html/wp-includes/class-wp-hook.php(327): WP_Hook->apply_filters(NULL, Array)
#5 /home/vafh5947/public_html/wp-includes/plugin.php(470): WP_Hook->do_action(Array)
#6 /home/vafh5947/public_html/wp-includes/general-template.php(3031): do_action('wp_footer')
#7 /home/vafh5947/public_html/wp-includes/blocks/legacy-widget.php(123): wp_footer()
#8 /home/vafh5947/public_html/wp-includes/ in /home/vafh5947/public_html/wp-content/plugins/woocommerce/templates/cart/mini-cart.php on line 24

2021-11-26T17:37:24+00:00 CRITICAL Uncaught Error: Call to a member function is_empty() on null in /home/vafh5947/public_html/wp-content/plugins/woocommerce/templates/cart/mini-cart.php:24
Stack trace:
#0 /home/vafh5947/public_html/wp-content/plugins/woocommerce/includes/wc-core-functions.php(345): include()
#1 /home/vafh5947/public_html/wp-content/plugins/woocommerce/includes/wc-template-functions.php(2215): wc_get_template('cart/mini-cart....', Array)
#2 /home/vafh5947/public_html/wp-content/themes/ornaldo/inc/woo/functions.php(146): woocommerce_mini_cart()
#3 /home/vafh5947/public_html/wp-includes/class-wp-hook.php(303): ftc_canvas_cart('')
#4 /home/vafh5947/public_html/wp-includes/class-wp-hook.php(327): WP_Hook->apply_filters(NULL, Array)
#5 /home/vafh5947/public_html/wp-includes/plugin.php(470): WP_Hook->do_action(Array)
#6 /home/vafh5947/public_html/wp-includes/general-template.php(3031): do_action('wp_footer')
#7 /home/vafh5947/public_html/wp-includes/blocks/legacy-widget.php(123): wp_footer()
#8 /home/vafh5947/public_html/wp-includes/ in /home/vafh5947/public_html/wp-content/plugins/woocommerce/templates/cart/mini-cart.php on line 24

2021-11-26T17:37:25+00:00 CRITICAL Uncaught Error: Call to a member function is_empty() on null in /home/vafh5947/public_html/wp-content/plugins/woocommerce/templates/cart/mini-cart.php:24
Stack trace:
#0 /home/vafh5947/public_html/wp-content/plugins/woocommerce/includes/wc-core-functions.php(345): include()
#1 /home/vafh5947/public_html/wp-content/plugins/woocommerce/includes/wc-template-functions.php(2215): wc_get_template('cart/mini-cart....', Array)
#2 /home/vafh5947/public_html/wp-content/themes/ornaldo/inc/woo/functions.php(146): woocommerce_mini_cart()
#3 /home/vafh5947/public_html/wp-includes/class-wp-hook.php(303): ftc_canvas_cart('')
#4 /home/vafh5947/public_html/wp-includes/class-wp-hook.php(327): WP_Hook->apply_filters(NULL, Array)
#5 /home/vafh5947/public_html/wp-includes/plugin.php(470): WP_Hook->do_action(Array)
#6 /home/vafh5947/public_html/wp-includes/general-template.php(3031): do_action('wp_footer')
#7 /home/vafh5947/public_html/wp-includes/blocks/legacy-widget.php(123): wp_footer()
#8 /home/vafh5947/public_html/wp-includes/ in /home/vafh5947/public_html/wp-content/plugins/woocommerce/templates/cart/mini-cart.php on line 24

2021-11-26T17:37:25+00:00 CRITICAL Uncaught Error: Call to a member function is_empty() on null in /home/vafh5947/public_html/wp-content/plugins/woocommerce/templates/cart/mini-cart.php:24
Stack trace:
#0 /home/vafh5947/public_html/wp-content/plugins/woocommerce/includes/wc-core-functions.php(345): include()
#1 /home/vafh5947/public_html/wp-content/plugins/woocommerce/includes/wc-template-functions.php(2215): wc_get_template('cart/mini-cart....', Array)
#2 /home/vafh5947/public_html/wp-content/themes/ornaldo/inc/woo/functions.php(146): woocommerce_mini_cart()
#3 /home/vafh5947/public_html/wp-includes/class-wp-hook.php(303): ftc_canvas_cart('')
#4 /home/vafh5947/public_html/wp-includes/class-wp-hook.php(327): WP_Hook->apply_filters(NULL, Array)
#5 /home/vafh5947/public_html/wp-includes/plugin.php(470): WP_Hook->do_action(Array)
#6 /home/vafh5947/public_html/wp-includes/general-template.php(3031): do_action('wp_footer')
#7 /home/vafh5947/public_html/wp-includes/blocks/legacy-widget.php(123): wp_footer()
#8 /home/vafh5947/public_html/wp-includes/ in /home/vafh5947/public_html/wp-content/plugins/woocommerce/templates/cart/mini-cart.php on line 24

2021-11-26T17:37:25+00:00 CRITICAL Uncaught Error: Call to a member function is_empty() on null in /home/vafh5947/public_html/wp-content/plugins/woocommerce/templates/cart/mini-cart.php:24
Stack trace:
#0 /home/vafh5947/public_html/wp-content/plugins/woocommerce/includes/wc-core-functions.php(345): include()
#1 /home/vafh5947/public_html/wp-content/plugins/woocommerce/includes/wc-template-functions.php(2215): wc_get_template('cart/mini-cart....', Array)
#2 /home/vafh5947/public_html/wp-content/themes/ornaldo/inc/woo/functions.php(146): woocommerce_mini_cart()
#3 /home/vafh5947/public_html/wp-includes/class-wp-hook.php(303): ftc_canvas_cart('')
#4 /home/vafh5947/public_html/wp-includes/class-wp-hook.php(327): WP_Hook->apply_filters(NULL, Array)
#5 /home/vafh5947/public_html/wp-includes/plugin.php(470): WP_Hook->do_action(Array)
#6 /home/vafh5947/public_html/wp-includes/general-template.php(3031): do_action('wp_footer')
#7 /home/vafh5947/public_html/wp-includes/blocks/legacy-widget.php(123): wp_footer()
#8 /home/vafh5947/public_html/wp-includes/ in /home/vafh5947/public_html/wp-content/plugins/woocommerce/templates/cart/mini-cart.php on line 24

2021-11-26T17:37:25+00:00 CRITICAL Uncaught Error: Call to a member function is_empty() on null in /home/vafh5947/public_html/wp-content/plugins/woocommerce/templates/cart/mini-cart.php:24
Stack trace:
#0 /home/vafh5947/public_html/wp-content/plugins/woocommerce/includes/wc-core-functions.php(345): include()
#1 /home/vafh5947/public_html/wp-content/plugins/woocommerce/includes/wc-template-functions.php(2215): wc_get_template('cart/mini-cart....', Array)
#2 /home/vafh5947/public_html/wp-content/themes/ornaldo/inc/woo/functions.php(146): woocommerce_mini_cart()
#3 /home/vafh5947/public_html/wp-includes/class-wp-hook.php(303): ftc_canvas_cart('')
#4 /home/vafh5947/public_html/wp-includes/class-wp-hook.php(327): WP_Hook->apply_filters(NULL, Array)
#5 /home/vafh5947/public_html/wp-includes/plugin.php(470): WP_Hook->do_action(Array)
#6 /home/vafh5947/public_html/wp-includes/general-template.php(3031): do_action('wp_footer')
#7 /home/vafh5947/public_html/wp-includes/blocks/legacy-widget.php(123): wp_footer()
#8 /home/vafh5947/public_html/wp-includes/ in /home/vafh5947/public_html/wp-content/plugins/woocommerce/templates/cart/mini-cart.php on line 24

2021-11-26T17:37:26+00:00 CRITICAL Uncaught Error: Call to a member function is_empty() on null in /home/vafh5947/public_html/wp-content/plugins/woocommerce/templates/cart/mini-cart.php:24
Stack trace:
#0 /home/vafh5947/public_html/wp-content/plugins/woocommerce/includes/wc-core-functions.php(345): include()
#1 /home/vafh5947/public_html/wp-content/plugins/woocommerce/includes/wc-template-functions.php(2215): wc_get_template('cart/mini-cart....', Array)
#2 /home/vafh5947/public_html/wp-content/themes/ornaldo/inc/woo/functions.php(146): woocommerce_mini_cart()
#3 /home/vafh5947/public_html/wp-includes/class-wp-hook.php(303): ftc_canvas_cart('')
#4 /home/vafh5947/public_html/wp-includes/class-wp-hook.php(327): WP_Hook->apply_filters(NULL, Array)
#5 /home/vafh5947/public_html/wp-includes/plugin.php(470): WP_Hook->do_action(Array)
#6 /home/vafh5947/public_html/wp-includes/general-template.php(3031): do_action('wp_footer')
#7 /home/vafh5947/public_html/wp-includes/blocks/legacy-widget.php(123): wp_footer()
#8 /home/vafh5947/public_html/wp-includes/ in /home/vafh5947/public_html/wp-content/plugins/woocommerce/templates/cart/mini-cart.php on line 24

2021-11-26T17:37:28+00:00 CRITICAL Uncaught Error: Call to a member function is_empty() on null in /home/vafh5947/public_html/wp-content/plugins/woocommerce/templates/cart/mini-cart.php:24
Stack trace:
#0 /home/vafh5947/public_html/wp-content/plugins/woocommerce/includes/wc-core-functions.php(345): include()
#1 /home/vafh5947/public_html/wp-content/plugins/woocommerce/includes/wc-template-functions.php(2215): wc_get_template('cart/mini-cart....', Array)
#2 /home/vafh5947/public_html/wp-content/themes/ornaldo/inc/woo/functions.php(146): woocommerce_mini_cart()
#3 /home/vafh5947/public_html/wp-includes/class-wp-hook.php(303): ftc_canvas_cart('')
#4 /home/vafh5947/public_html/wp-includes/class-wp-hook.php(327): WP_Hook->apply_filters(NULL, Array)
#5 /home/vafh5947/public_html/wp-includes/plugin.php(470): WP_Hook->do_action(Array)
#6 /home/vafh5947/public_html/wp-includes/general-template.php(3031): do_action('wp_footer')
#7 /home/vafh5947/public_html/wp-includes/blocks/legacy-widget.php(123): wp_footer()
#8 /home/vafh5947/public_html/wp-includes/ in /home/vafh5947/public_html/wp-content/plugins/woocommerce/templates/cart/mini-cart.php on line 24

2021-11-26T17:37:28+00:00 CRITICAL Uncaught Error: Call to a member function is_empty() on null in /home/vafh5947/public_html/wp-content/plugins/woocommerce/templates/cart/mini-cart.php:24
Stack trace:
#0 /home/vafh5947/public_html/wp-content/plugins/woocommerce/includes/wc-core-functions.php(345): include()
#1 /home/vafh5947/public_html/wp-content/plugins/woocommerce/includes/wc-template-functions.php(2215): wc_get_template('cart/mini-cart....', Array)
#2 /home/vafh5947/public_html/wp-content/themes/ornaldo/inc/woo/functions.php(146): woocommerce_mini_cart()
#3 /home/vafh5947/public_html/wp-includes/class-wp-hook.php(303): ftc_canvas_cart('')
#4 /home/vafh5947/public_html/wp-includes/class-wp-hook.php(327): WP_Hook->apply_filters(NULL, Array)
#5 /home/vafh5947/public_html/wp-includes/plugin.php(470): WP_Hook->do_action(Array)
#6 /home/vafh5947/public_html/wp-includes/general-template.php(3031): do_action('wp_footer')
#7 /home/vafh5947/public_html/wp-includes/blocks/legacy-widget.php(123): wp_footer()
#8 /home/vafh5947/public_html/wp-includes/ in /home/vafh5947/public_html/wp-content/plugins/woocommerce/templates/cart/mini-cart.php on line 24

2021-11-26T17:37:28+00:00 CRITICAL Uncaught Error: Call to a member function is_empty() on null in /home/vafh5947/public_html/wp-content/plugins/woocommerce/templates/cart/mini-cart.php:24
Stack trace:
#0 /home/vafh5947/public_html/wp-content/plugins/woocommerce/includes/wc-core-functions.php(345): include()
#1 /home/vafh5947/public_html/wp-content/plugins/woocommerce/includes/wc-template-functions.php(2215): wc_get_template('cart/mini-cart....', Array)
#2 /home/vafh5947/public_html/wp-content/themes/ornaldo/inc/woo/functions.php(146): woocommerce_mini_cart()
#3 /home/vafh5947/public_html/wp-includes/class-wp-hook.php(303): ftc_canvas_cart('')
#4 /home/vafh5947/public_html/wp-includes/class-wp-hook.php(327): WP_Hook->apply_filters(NULL, Array)
#5 /home/vafh5947/public_html/wp-includes/plugin.php(470): WP_Hook->do_action(Array)
#6 /home/vafh5947/public_html/wp-includes/general-template.php(3031): do_action('wp_footer')
#7 /home/vafh5947/public_html/wp-includes/blocks/legacy-widget.php(123): wp_footer()
#8 /home/vafh5947/public_html/wp-includes/ in /home/vafh5947/public_html/wp-content/plugins/woocommerce/templates/cart/mini-cart.php on line 24

2021-11-26T17:37:28+00:00 CRITICAL Uncaught Error: Call to a member function is_empty() on null in /home/vafh5947/public_html/wp-content/plugins/woocommerce/templates/cart/mini-cart.php:24
Stack trace:
#0 /home/vafh5947/public_html/wp-content/plugins/woocommerce/includes/wc-core-functions.php(345): include()
#1 /home/vafh5947/public_html/wp-content/plugins/woocommerce/includes/wc-template-functions.php(2215): wc_get_template('cart/mini-cart....', Array)
#2 /home/vafh5947/public_html/wp-content/themes/ornaldo/inc/woo/functions.php(146): woocommerce_mini_cart()
#3 /home/vafh5947/public_html/wp-includes/class-wp-hook.php(303): ftc_canvas_cart('')
#4 /home/vafh5947/public_html/wp-includes/class-wp-hook.php(327): WP_Hook->apply_filters(NULL, Array)
#5 /home/vafh5947/public_html/wp-includes/plugin.php(470): WP_Hook->do_action(Array)
#6 /home/vafh5947/public_html/wp-includes/general-template.php(3031): do_action('wp_footer')
#7 /home/vafh5947/public_html/wp-includes/blocks/legacy-widget.php(123): wp_footer()
#8 /home/vafh5947/public_html/wp-includes/ in /home/vafh5947/public_html/wp-content/plugins/woocommerce/templates/cart/mini-cart.php on line 24

2021-11-26T17:37:28+00:00 CRITICAL Uncaught Error: Call to a member function is_empty() on null in /home/vafh5947/public_html/wp-content/plugins/woocommerce/templates/cart/mini-cart.php:24
Stack trace:
#0 /home/vafh5947/public_html/wp-content/plugins/woocommerce/includes/wc-core-functions.php(345): include()
#1 /home/vafh5947/public_html/wp-content/plugins/woocommerce/includes/wc-template-functions.php(2215): wc_get_template('cart/mini-cart....', Array)
#2 /home/vafh5947/public_html/wp-content/themes/ornaldo/inc/woo/functions.php(146): woocommerce_mini_cart()
#3 /home/vafh5947/public_html/wp-includes/class-wp-hook.php(303): ftc_canvas_cart('')
#4 /home/vafh5947/public_html/wp-includes/class-wp-hook.php(327): WP_Hook->apply_filters(NULL, Array)
#5 /home/vafh5947/public_html/wp-includes/plugin.php(470): WP_Hook->do_action(Array)
#6 /home/vafh5947/public_html/wp-includes/general-template.php(3031): do_action('wp_footer')
#7 /home/vafh5947/public_html/wp-includes/blocks/legacy-widget.php(123): wp_footer()
#8 /home/vafh5947/public_html/wp-includes/ in /home/vafh5947/public_html/wp-content/plugins/woocommerce/templates/cart/mini-cart.php on line 24

2021-11-26T17:37:28+00:00 CRITICAL Uncaught Error: Call to a member function is_empty() on null in /home/vafh5947/public_html/wp-content/plugins/woocommerce/templates/cart/mini-cart.php:24
Stack trace:
#0 /home/vafh5947/public_html/wp-content/plugins/woocommerce/includes/wc-core-functions.php(345): include()
#1 /home/vafh5947/public_html/wp-content/plugins/woocommerce/includes/wc-template-functions.php(2215): wc_get_template('cart/mini-cart....', Array)
#2 /home/vafh5947/public_html/wp-content/themes/ornaldo/inc/woo/functions.php(146): woocommerce_mini_cart()
#3 /home/vafh5947/public_html/wp-includes/class-wp-hook.php(303): ftc_canvas_cart('')
#4 /home/vafh5947/public_html/wp-includes/class-wp-hook.php(327): WP_Hook->apply_filters(NULL, Array)
#5 /home/vafh5947/public_html/wp-includes/plugin.php(470): WP_Hook->do_action(Array)
#6 /home/vafh5947/public_html/wp-includes/general-template.php(3031): do_action('wp_footer')
#7 /home/vafh5947/public_html/wp-includes/blocks/legacy-widget.php(123): wp_footer()
#8 /home/vafh5947/public_html/wp-includes/ in /home/vafh5947/public_html/wp-content/plugins/woocommerce/templates/cart/mini-cart.php on line 24

2021-11-26T17:37:28+00:00 CRITICAL Uncaught Error: Call to a member function is_empty() on null in /home/vafh5947/public_html/wp-content/plugins/woocommerce/templates/cart/mini-cart.php:24
Stack trace:
#0 /home/vafh5947/public_html/wp-content/plugins/woocommerce/includes/wc-core-functions.php(345): include()
#1 /home/vafh5947/public_html/wp-content/plugins/woocommerce/includes/wc-template-functions.php(2215): wc_get_template('cart/mini-cart....', Array)
#2 /home/vafh5947/public_html/wp-content/themes/ornaldo/inc/woo/functions.php(146): woocommerce_mini_cart()
#3 /home/vafh5947/public_html/wp-includes/class-wp-hook.php(303): ftc_canvas_cart('')
#4 /home/vafh5947/public_html/wp-includes/class-wp-hook.php(327): WP_Hook->apply_filters(NULL, Array)
#5 /home/vafh5947/public_html/wp-includes/plugin.php(470): WP_Hook->do_action(Array)
#6 /home/vafh5947/public_html/wp-includes/general-template.php(3031): do_action('wp_footer')
#7 /home/vafh5947/public_html/wp-includes/blocks/legacy-widget.php(123): wp_footer()
#8 /home/vafh5947/public_html/wp-includes/ in /home/vafh5947/public_html/wp-content/plugins/woocommerce/templates/cart/mini-cart.php on line 24

2021-11-26T17:37:31+00:00 CRITICAL Uncaught Error: Call to a member function is_empty() on null in /home/vafh5947/public_html/wp-content/plugins/woocommerce/templates/cart/mini-cart.php:24
Stack trace:
#0 /home/vafh5947/public_html/wp-content/plugins/woocommerce/includes/wc-core-functions.php(345): include()
#1 /home/vafh5947/public_html/wp-content/plugins/woocommerce/includes/wc-template-functions.php(2215): wc_get_template('cart/mini-cart....', Array)
#2 /home/vafh5947/public_html/wp-content/themes/ornaldo/inc/woo/functions.php(146): woocommerce_mini_cart()
#3 /home/vafh5947/public_html/wp-includes/class-wp-hook.php(303): ftc_canvas_cart('')
#4 /home/vafh5947/public_html/wp-includes/class-wp-hook.php(327): WP_Hook->apply_filters(NULL, Array)
#5 /home/vafh5947/public_html/wp-includes/plugin.php(470): WP_Hook->do_action(Array)
#6 /home/vafh5947/public_html/wp-includes/general-template.php(3031): do_action('wp_footer')
#7 /home/vafh5947/public_html/wp-includes/blocks/legacy-widget.php(123): wp_footer()
#8 /home/vafh5947/public_html/wp-includes/ in /home/vafh5947/public_html/wp-content/plugins/woocommerce/templates/cart/mini-cart.php on line 24

2021-11-26T17:37:31+00:00 CRITICAL Uncaught Error: Call to a member function is_empty() on null in /home/vafh5947/public_html/wp-content/plugins/woocommerce/templates/cart/mini-cart.php:24
Stack trace:
#0 /home/vafh5947/public_html/wp-content/plugins/woocommerce/includes/wc-core-functions.php(345): include()
#1 /home/vafh5947/public_html/wp-content/plugins/woocommerce/includes/wc-template-functions.php(2215): wc_get_template('cart/mini-cart....', Array)
#2 /home/vafh5947/public_html/wp-content/themes/ornaldo/inc/woo/functions.php(146): woocommerce_mini_cart()
#3 /home/vafh5947/public_html/wp-includes/class-wp-hook.php(303): ftc_canvas_cart('')
#4 /home/vafh5947/public_html/wp-includes/class-wp-hook.php(327): WP_Hook->apply_filters(NULL, Array)
#5 /home/vafh5947/public_html/wp-includes/plugin.php(470): WP_Hook->do_action(Array)
#6 /home/vafh5947/public_html/wp-includes/general-template.php(3031): do_action('wp_footer')
#7 /home/vafh5947/public_html/wp-includes/blocks/legacy-widget.php(123): wp_footer()
#8 /home/vafh5947/public_html/wp-includes/ in /home/vafh5947/public_html/wp-content/plugins/woocommerce/templates/cart/mini-cart.php on line 24

2021-11-26T17:37:31+00:00 CRITICAL Uncaught Error: Call to a member function is_empty() on null in /home/vafh5947/public_html/wp-content/plugins/woocommerce/templates/cart/mini-cart.php:24
Stack trace:
#0 /home/vafh5947/public_html/wp-content/plugins/woocommerce/includes/wc-core-functions.php(345): include()
#1 /home/vafh5947/public_html/wp-content/plugins/woocommerce/includes/wc-template-functions.php(2215): wc_get_template('cart/mini-cart....', Array)
#2 /home/vafh5947/public_html/wp-content/themes/ornaldo/inc/woo/functions.php(146): woocommerce_mini_cart()
#3 /home/vafh5947/public_html/wp-includes/class-wp-hook.php(303): ftc_canvas_cart('')
#4 /home/vafh5947/public_html/wp-includes/class-wp-hook.php(327): WP_Hook->apply_filters(NULL, Array)
#5 /home/vafh5947/public_html/wp-includes/plugin.php(470): WP_Hook->do_action(Array)
#6 /home/vafh5947/public_html/wp-includes/general-template.php(3031): do_action('wp_footer')
#7 /home/vafh5947/public_html/wp-includes/blocks/legacy-widget.php(123): wp_footer()
#8 /home/vafh5947/public_html/wp-includes/ in /home/vafh5947/public_html/wp-content/plugins/woocommerce/templates/cart/mini-cart.php on line 24

2021-11-26T17:37:32+00:00 CRITICAL Uncaught Error: Call to a member function is_empty() on null in /home/vafh5947/public_html/wp-content/plugins/woocommerce/templates/cart/mini-cart.php:24
Stack trace:
#0 /home/vafh5947/public_html/wp-content/plugins/woocommerce/includes/wc-core-functions.php(345): include()
#1 /home/vafh5947/public_html/wp-content/plugins/woocommerce/includes/wc-template-functions.php(2215): wc_get_template('cart/mini-cart....', Array)
#2 /home/vafh5947/public_html/wp-content/themes/ornaldo/inc/woo/functions.php(146): woocommerce_mini_cart()
#3 /home/vafh5947/public_html/wp-includes/class-wp-hook.php(303): ftc_canvas_cart('')
#4 /home/vafh5947/public_html/wp-includes/class-wp-hook.php(327): WP_Hook->apply_filters(NULL, Array)
#5 /home/vafh5947/public_html/wp-includes/plugin.php(470): WP_Hook->do_action(Array)
#6 /home/vafh5947/public_html/wp-includes/general-template.php(3031): do_action('wp_footer')
#7 /home/vafh5947/public_html/wp-includes/blocks/legacy-widget.php(123): wp_footer()
#8 /home/vafh5947/public_html/wp-includes/ in /home/vafh5947/public_html/wp-content/plugins/woocommerce/templates/cart/mini-cart.php on line 24

2021-11-26T17:38:04+00:00 CRITICAL Uncaught Error: Call to a member function is_empty() on null in /home/vafh5947/public_html/wp-content/plugins/woocommerce/templates/cart/mini-cart.php:24
Stack trace:
#0 /home/vafh5947/public_html/wp-content/plugins/woocommerce/includes/wc-core-functions.php(345): include()
#1 /home/vafh5947/public_html/wp-content/plugins/woocommerce/includes/wc-template-functions.php(2215): wc_get_template('cart/mini-cart....', Array)
#2 /home/vafh5947/public_html/wp-content/themes/ornaldo/inc/woo/functions.php(146): woocommerce_mini_cart()
#3 /home/vafh5947/public_html/wp-includes/class-wp-hook.php(303): ftc_canvas_cart('')
#4 /home/vafh5947/public_html/wp-includes/class-wp-hook.php(327): WP_Hook->apply_filters(NULL, Array)
#5 /home/vafh5947/public_html/wp-includes/plugin.php(470): WP_Hook->do_action(Array)
#6 /home/vafh5947/public_html/wp-includes/general-template.php(3031): do_action('wp_footer')
#7 /home/vafh5947/public_html/wp-includes/blocks/legacy-widget.php(123): wp_footer()
#8 /home/vafh5947/public_html/wp-includes/ in /home/vafh5947/public_html/wp-content/plugins/woocommerce/templates/cart/mini-cart.php on line 24

