2021-12-05T07:35:50+00:00 CRITICAL Uncaught Error: Call to a member function is_empty() on null in /home/vafh5947/public_html/wp-content/plugins/woocommerce/templates/cart/mini-cart.php:24
Stack trace:
#0 /home/vafh5947/public_html/wp-content/plugins/woocommerce/includes/wc-core-functions.php(345): include()
#1 /home/vafh5947/public_html/wp-content/plugins/woocommerce/includes/wc-template-functions.php(2215): wc_get_template('cart/mini-cart....', Array)
#2 /home/vafh5947/public_html/wp-content/themes/ornaldo/inc/woo/functions.php(146): woocommerce_mini_cart()
#3 /home/vafh5947/public_html/wp-includes/class-wp-hook.php(303): ftc_canvas_cart('')
#4 /home/vafh5947/public_html/wp-includes/class-wp-hook.php(327): WP_Hook->apply_filters(NULL, Array)
#5 /home/vafh5947/public_html/wp-includes/plugin.php(470): WP_Hook->do_action(Array)
#6 /home/vafh5947/public_html/wp-includes/general-template.php(3031): do_action('wp_footer')
#7 /home/vafh5947/public_html/wp-includes/blocks/legacy-widget.php(123): wp_footer()
#8 /home/vafh5947/public_html/wp-includes/ in /home/vafh5947/public_html/wp-content/plugins/woocommerce/templates/cart/mini-cart.php on line 24

2021-12-05T08:24:28+00:00 CRITICAL Uncaught Error: Call to a member function is_empty() on null in /home/vafh5947/public_html/wp-content/plugins/woocommerce/templates/cart/mini-cart.php:24
Stack trace:
#0 /home/vafh5947/public_html/wp-content/plugins/woocommerce/includes/wc-core-functions.php(345): include()
#1 /home/vafh5947/public_html/wp-content/plugins/woocommerce/includes/wc-template-functions.php(2215): wc_get_template('cart/mini-cart....', Array)
#2 /home/vafh5947/public_html/wp-content/themes/ornaldo/inc/woo/functions.php(146): woocommerce_mini_cart()
#3 /home/vafh5947/public_html/wp-includes/class-wp-hook.php(303): ftc_canvas_cart('')
#4 /home/vafh5947/public_html/wp-includes/class-wp-hook.php(327): WP_Hook->apply_filters(NULL, Array)
#5 /home/vafh5947/public_html/wp-includes/plugin.php(470): WP_Hook->do_action(Array)
#6 /home/vafh5947/public_html/wp-includes/general-template.php(3031): do_action('wp_footer')
#7 /home/vafh5947/public_html/wp-includes/blocks/legacy-widget.php(123): wp_footer()
#8 /home/vafh5947/public_html/wp-includes/ in /home/vafh5947/public_html/wp-content/plugins/woocommerce/templates/cart/mini-cart.php on line 24

2021-12-05T08:24:29+00:00 CRITICAL Uncaught Error: Call to a member function is_empty() on null in /home/vafh5947/public_html/wp-content/plugins/woocommerce/templates/cart/mini-cart.php:24
Stack trace:
#0 /home/vafh5947/public_html/wp-content/plugins/woocommerce/includes/wc-core-functions.php(345): include()
#1 /home/vafh5947/public_html/wp-content/plugins/woocommerce/includes/wc-template-functions.php(2215): wc_get_template('cart/mini-cart....', Array)
#2 /home/vafh5947/public_html/wp-content/themes/ornaldo/inc/woo/functions.php(146): woocommerce_mini_cart()
#3 /home/vafh5947/public_html/wp-includes/class-wp-hook.php(303): ftc_canvas_cart('')
#4 /home/vafh5947/public_html/wp-includes/class-wp-hook.php(327): WP_Hook->apply_filters(NULL, Array)
#5 /home/vafh5947/public_html/wp-includes/plugin.php(470): WP_Hook->do_action(Array)
#6 /home/vafh5947/public_html/wp-includes/general-template.php(3031): do_action('wp_footer')
#7 /home/vafh5947/public_html/wp-includes/blocks/legacy-widget.php(123): wp_footer()
#8 /home/vafh5947/public_html/wp-includes/ in /home/vafh5947/public_html/wp-content/plugins/woocommerce/templates/cart/mini-cart.php on line 24

2021-12-05T08:24:30+00:00 CRITICAL Uncaught Error: Call to a member function is_empty() on null in /home/vafh5947/public_html/wp-content/plugins/woocommerce/templates/cart/mini-cart.php:24
Stack trace:
#0 /home/vafh5947/public_html/wp-content/plugins/woocommerce/includes/wc-core-functions.php(345): include()
#1 /home/vafh5947/public_html/wp-content/plugins/woocommerce/includes/wc-template-functions.php(2215): wc_get_template('cart/mini-cart....', Array)
#2 /home/vafh5947/public_html/wp-content/themes/ornaldo/inc/woo/functions.php(146): woocommerce_mini_cart()
#3 /home/vafh5947/public_html/wp-includes/class-wp-hook.php(303): ftc_canvas_cart('')
#4 /home/vafh5947/public_html/wp-includes/class-wp-hook.php(327): WP_Hook->apply_filters(NULL, Array)
#5 /home/vafh5947/public_html/wp-includes/plugin.php(470): WP_Hook->do_action(Array)
#6 /home/vafh5947/public_html/wp-includes/general-template.php(3031): do_action('wp_footer')
#7 /home/vafh5947/public_html/wp-includes/blocks/legacy-widget.php(123): wp_footer()
#8 /home/vafh5947/public_html/wp-includes/ in /home/vafh5947/public_html/wp-content/plugins/woocommerce/templates/cart/mini-cart.php on line 24

2021-12-05T08:24:31+00:00 CRITICAL Uncaught Error: Call to a member function is_empty() on null in /home/vafh5947/public_html/wp-content/plugins/woocommerce/templates/cart/mini-cart.php:24
Stack trace:
#0 /home/vafh5947/public_html/wp-content/plugins/woocommerce/includes/wc-core-functions.php(345): include()
#1 /home/vafh5947/public_html/wp-content/plugins/woocommerce/includes/wc-template-functions.php(2215): wc_get_template('cart/mini-cart....', Array)
#2 /home/vafh5947/public_html/wp-content/themes/ornaldo/inc/woo/functions.php(146): woocommerce_mini_cart()
#3 /home/vafh5947/public_html/wp-includes/class-wp-hook.php(303): ftc_canvas_cart('')
#4 /home/vafh5947/public_html/wp-includes/class-wp-hook.php(327): WP_Hook->apply_filters(NULL, Array)
#5 /home/vafh5947/public_html/wp-includes/plugin.php(470): WP_Hook->do_action(Array)
#6 /home/vafh5947/public_html/wp-includes/general-template.php(3031): do_action('wp_footer')
#7 /home/vafh5947/public_html/wp-includes/blocks/legacy-widget.php(123): wp_footer()
#8 /home/vafh5947/public_html/wp-includes/ in /home/vafh5947/public_html/wp-content/plugins/woocommerce/templates/cart/mini-cart.php on line 24

2021-12-05T08:24:32+00:00 CRITICAL Uncaught Error: Call to a member function is_empty() on null in /home/vafh5947/public_html/wp-content/plugins/woocommerce/templates/cart/mini-cart.php:24
Stack trace:
#0 /home/vafh5947/public_html/wp-content/plugins/woocommerce/includes/wc-core-functions.php(345): include()
#1 /home/vafh5947/public_html/wp-content/plugins/woocommerce/includes/wc-template-functions.php(2215): wc_get_template('cart/mini-cart....', Array)
#2 /home/vafh5947/public_html/wp-content/themes/ornaldo/inc/woo/functions.php(146): woocommerce_mini_cart()
#3 /home/vafh5947/public_html/wp-includes/class-wp-hook.php(303): ftc_canvas_cart('')
#4 /home/vafh5947/public_html/wp-includes/class-wp-hook.php(327): WP_Hook->apply_filters(NULL, Array)
#5 /home/vafh5947/public_html/wp-includes/plugin.php(470): WP_Hook->do_action(Array)
#6 /home/vafh5947/public_html/wp-includes/general-template.php(3031): do_action('wp_footer')
#7 /home/vafh5947/public_html/wp-includes/blocks/legacy-widget.php(123): wp_footer()
#8 /home/vafh5947/public_html/wp-includes/ in /home/vafh5947/public_html/wp-content/plugins/woocommerce/templates/cart/mini-cart.php on line 24

2021-12-05T08:24:33+00:00 CRITICAL Uncaught Error: Call to a member function is_empty() on null in /home/vafh5947/public_html/wp-content/plugins/woocommerce/templates/cart/mini-cart.php:24
Stack trace:
#0 /home/vafh5947/public_html/wp-content/plugins/woocommerce/includes/wc-core-functions.php(345): include()
#1 /home/vafh5947/public_html/wp-content/plugins/woocommerce/includes/wc-template-functions.php(2215): wc_get_template('cart/mini-cart....', Array)
#2 /home/vafh5947/public_html/wp-content/themes/ornaldo/inc/woo/functions.php(146): woocommerce_mini_cart()
#3 /home/vafh5947/public_html/wp-includes/class-wp-hook.php(303): ftc_canvas_cart('')
#4 /home/vafh5947/public_html/wp-includes/class-wp-hook.php(327): WP_Hook->apply_filters(NULL, Array)
#5 /home/vafh5947/public_html/wp-includes/plugin.php(470): WP_Hook->do_action(Array)
#6 /home/vafh5947/public_html/wp-includes/general-template.php(3031): do_action('wp_footer')
#7 /home/vafh5947/public_html/wp-includes/blocks/legacy-widget.php(123): wp_footer()
#8 /home/vafh5947/public_html/wp-includes/ in /home/vafh5947/public_html/wp-content/plugins/woocommerce/templates/cart/mini-cart.php on line 24

2021-12-05T08:24:33+00:00 CRITICAL Uncaught Error: Call to a member function is_empty() on null in /home/vafh5947/public_html/wp-content/plugins/woocommerce/templates/cart/mini-cart.php:24
Stack trace:
#0 /home/vafh5947/public_html/wp-content/plugins/woocommerce/includes/wc-core-functions.php(345): include()
#1 /home/vafh5947/public_html/wp-content/plugins/woocommerce/includes/wc-template-functions.php(2215): wc_get_template('cart/mini-cart....', Array)
#2 /home/vafh5947/public_html/wp-content/themes/ornaldo/inc/woo/functions.php(146): woocommerce_mini_cart()
#3 /home/vafh5947/public_html/wp-includes/class-wp-hook.php(303): ftc_canvas_cart('')
#4 /home/vafh5947/public_html/wp-includes/class-wp-hook.php(327): WP_Hook->apply_filters(NULL, Array)
#5 /home/vafh5947/public_html/wp-includes/plugin.php(470): WP_Hook->do_action(Array)
#6 /home/vafh5947/public_html/wp-includes/general-template.php(3031): do_action('wp_footer')
#7 /home/vafh5947/public_html/wp-includes/blocks/legacy-widget.php(123): wp_footer()
#8 /home/vafh5947/public_html/wp-includes/ in /home/vafh5947/public_html/wp-content/plugins/woocommerce/templates/cart/mini-cart.php on line 24

2021-12-05T08:24:34+00:00 CRITICAL Uncaught Error: Call to a member function is_empty() on null in /home/vafh5947/public_html/wp-content/plugins/woocommerce/templates/cart/mini-cart.php:24
Stack trace:
#0 /home/vafh5947/public_html/wp-content/plugins/woocommerce/includes/wc-core-functions.php(345): include()
#1 /home/vafh5947/public_html/wp-content/plugins/woocommerce/includes/wc-template-functions.php(2215): wc_get_template('cart/mini-cart....', Array)
#2 /home/vafh5947/public_html/wp-content/themes/ornaldo/inc/woo/functions.php(146): woocommerce_mini_cart()
#3 /home/vafh5947/public_html/wp-includes/class-wp-hook.php(303): ftc_canvas_cart('')
#4 /home/vafh5947/public_html/wp-includes/class-wp-hook.php(327): WP_Hook->apply_filters(NULL, Array)
#5 /home/vafh5947/public_html/wp-includes/plugin.php(470): WP_Hook->do_action(Array)
#6 /home/vafh5947/public_html/wp-includes/general-template.php(3031): do_action('wp_footer')
#7 /home/vafh5947/public_html/wp-includes/blocks/legacy-widget.php(123): wp_footer()
#8 /home/vafh5947/public_html/wp-includes/ in /home/vafh5947/public_html/wp-content/plugins/woocommerce/templates/cart/mini-cart.php on line 24

2021-12-05T08:24:34+00:00 CRITICAL Uncaught Error: Call to a member function is_empty() on null in /home/vafh5947/public_html/wp-content/plugins/woocommerce/templates/cart/mini-cart.php:24
Stack trace:
#0 /home/vafh5947/public_html/wp-content/plugins/woocommerce/includes/wc-core-functions.php(345): include()
#1 /home/vafh5947/public_html/wp-content/plugins/woocommerce/includes/wc-template-functions.php(2215): wc_get_template('cart/mini-cart....', Array)
#2 /home/vafh5947/public_html/wp-content/themes/ornaldo/inc/woo/functions.php(146): woocommerce_mini_cart()
#3 /home/vafh5947/public_html/wp-includes/class-wp-hook.php(303): ftc_canvas_cart('')
#4 /home/vafh5947/public_html/wp-includes/class-wp-hook.php(327): WP_Hook->apply_filters(NULL, Array)
#5 /home/vafh5947/public_html/wp-includes/plugin.php(470): WP_Hook->do_action(Array)
#6 /home/vafh5947/public_html/wp-includes/general-template.php(3031): do_action('wp_footer')
#7 /home/vafh5947/public_html/wp-includes/blocks/legacy-widget.php(123): wp_footer()
#8 /home/vafh5947/public_html/wp-includes/ in /home/vafh5947/public_html/wp-content/plugins/woocommerce/templates/cart/mini-cart.php on line 24

2021-12-05T08:24:35+00:00 CRITICAL Uncaught Error: Call to a member function is_empty() on null in /home/vafh5947/public_html/wp-content/plugins/woocommerce/templates/cart/mini-cart.php:24
Stack trace:
#0 /home/vafh5947/public_html/wp-content/plugins/woocommerce/includes/wc-core-functions.php(345): include()
#1 /home/vafh5947/public_html/wp-content/plugins/woocommerce/includes/wc-template-functions.php(2215): wc_get_template('cart/mini-cart....', Array)
#2 /home/vafh5947/public_html/wp-content/themes/ornaldo/inc/woo/functions.php(146): woocommerce_mini_cart()
#3 /home/vafh5947/public_html/wp-includes/class-wp-hook.php(303): ftc_canvas_cart('')
#4 /home/vafh5947/public_html/wp-includes/class-wp-hook.php(327): WP_Hook->apply_filters(NULL, Array)
#5 /home/vafh5947/public_html/wp-includes/plugin.php(470): WP_Hook->do_action(Array)
#6 /home/vafh5947/public_html/wp-includes/general-template.php(3031): do_action('wp_footer')
#7 /home/vafh5947/public_html/wp-includes/blocks/legacy-widget.php(123): wp_footer()
#8 /home/vafh5947/public_html/wp-includes/ in /home/vafh5947/public_html/wp-content/plugins/woocommerce/templates/cart/mini-cart.php on line 24

2021-12-05T08:24:35+00:00 CRITICAL Uncaught Error: Call to a member function is_empty() on null in /home/vafh5947/public_html/wp-content/plugins/woocommerce/templates/cart/mini-cart.php:24
Stack trace:
#0 /home/vafh5947/public_html/wp-content/plugins/woocommerce/includes/wc-core-functions.php(345): include()
#1 /home/vafh5947/public_html/wp-content/plugins/woocommerce/includes/wc-template-functions.php(2215): wc_get_template('cart/mini-cart....', Array)
#2 /home/vafh5947/public_html/wp-content/themes/ornaldo/inc/woo/functions.php(146): woocommerce_mini_cart()
#3 /home/vafh5947/public_html/wp-includes/class-wp-hook.php(303): ftc_canvas_cart('')
#4 /home/vafh5947/public_html/wp-includes/class-wp-hook.php(327): WP_Hook->apply_filters(NULL, Array)
#5 /home/vafh5947/public_html/wp-includes/plugin.php(470): WP_Hook->do_action(Array)
#6 /home/vafh5947/public_html/wp-includes/general-template.php(3031): do_action('wp_footer')
#7 /home/vafh5947/public_html/wp-includes/blocks/legacy-widget.php(123): wp_footer()
#8 /home/vafh5947/public_html/wp-includes/ in /home/vafh5947/public_html/wp-content/plugins/woocommerce/templates/cart/mini-cart.php on line 24

2021-12-05T08:24:37+00:00 CRITICAL Uncaught Error: Call to a member function is_empty() on null in /home/vafh5947/public_html/wp-content/plugins/woocommerce/templates/cart/mini-cart.php:24
Stack trace:
#0 /home/vafh5947/public_html/wp-content/plugins/woocommerce/includes/wc-core-functions.php(345): include()
#1 /home/vafh5947/public_html/wp-content/plugins/woocommerce/includes/wc-template-functions.php(2215): wc_get_template('cart/mini-cart....', Array)
#2 /home/vafh5947/public_html/wp-content/themes/ornaldo/inc/woo/functions.php(146): woocommerce_mini_cart()
#3 /home/vafh5947/public_html/wp-includes/class-wp-hook.php(303): ftc_canvas_cart('')
#4 /home/vafh5947/public_html/wp-includes/class-wp-hook.php(327): WP_Hook->apply_filters(NULL, Array)
#5 /home/vafh5947/public_html/wp-includes/plugin.php(470): WP_Hook->do_action(Array)
#6 /home/vafh5947/public_html/wp-includes/general-template.php(3031): do_action('wp_footer')
#7 /home/vafh5947/public_html/wp-includes/blocks/legacy-widget.php(123): wp_footer()
#8 /home/vafh5947/public_html/wp-includes/ in /home/vafh5947/public_html/wp-content/plugins/woocommerce/templates/cart/mini-cart.php on line 24

2021-12-05T08:24:37+00:00 CRITICAL Uncaught Error: Call to a member function is_empty() on null in /home/vafh5947/public_html/wp-content/plugins/woocommerce/templates/cart/mini-cart.php:24
Stack trace:
#0 /home/vafh5947/public_html/wp-content/plugins/woocommerce/includes/wc-core-functions.php(345): include()
#1 /home/vafh5947/public_html/wp-content/plugins/woocommerce/includes/wc-template-functions.php(2215): wc_get_template('cart/mini-cart....', Array)
#2 /home/vafh5947/public_html/wp-content/themes/ornaldo/inc/woo/functions.php(146): woocommerce_mini_cart()
#3 /home/vafh5947/public_html/wp-includes/class-wp-hook.php(303): ftc_canvas_cart('')
#4 /home/vafh5947/public_html/wp-includes/class-wp-hook.php(327): WP_Hook->apply_filters(NULL, Array)
#5 /home/vafh5947/public_html/wp-includes/plugin.php(470): WP_Hook->do_action(Array)
#6 /home/vafh5947/public_html/wp-includes/general-template.php(3031): do_action('wp_footer')
#7 /home/vafh5947/public_html/wp-includes/blocks/legacy-widget.php(123): wp_footer()
#8 /home/vafh5947/public_html/wp-includes/ in /home/vafh5947/public_html/wp-content/plugins/woocommerce/templates/cart/mini-cart.php on line 24

2021-12-05T08:24:38+00:00 CRITICAL Uncaught Error: Call to a member function is_empty() on null in /home/vafh5947/public_html/wp-content/plugins/woocommerce/templates/cart/mini-cart.php:24
Stack trace:
#0 /home/vafh5947/public_html/wp-content/plugins/woocommerce/includes/wc-core-functions.php(345): include()
#1 /home/vafh5947/public_html/wp-content/plugins/woocommerce/includes/wc-template-functions.php(2215): wc_get_template('cart/mini-cart....', Array)
#2 /home/vafh5947/public_html/wp-content/themes/ornaldo/inc/woo/functions.php(146): woocommerce_mini_cart()
#3 /home/vafh5947/public_html/wp-includes/class-wp-hook.php(303): ftc_canvas_cart('')
#4 /home/vafh5947/public_html/wp-includes/class-wp-hook.php(327): WP_Hook->apply_filters(NULL, Array)
#5 /home/vafh5947/public_html/wp-includes/plugin.php(470): WP_Hook->do_action(Array)
#6 /home/vafh5947/public_html/wp-includes/general-template.php(3031): do_action('wp_footer')
#7 /home/vafh5947/public_html/wp-includes/blocks/legacy-widget.php(123): wp_footer()
#8 /home/vafh5947/public_html/wp-includes/ in /home/vafh5947/public_html/wp-content/plugins/woocommerce/templates/cart/mini-cart.php on line 24

2021-12-05T08:24:38+00:00 CRITICAL Uncaught Error: Call to a member function is_empty() on null in /home/vafh5947/public_html/wp-content/plugins/woocommerce/templates/cart/mini-cart.php:24
Stack trace:
#0 /home/vafh5947/public_html/wp-content/plugins/woocommerce/includes/wc-core-functions.php(345): include()
#1 /home/vafh5947/public_html/wp-content/plugins/woocommerce/includes/wc-template-functions.php(2215): wc_get_template('cart/mini-cart....', Array)
#2 /home/vafh5947/public_html/wp-content/themes/ornaldo/inc/woo/functions.php(146): woocommerce_mini_cart()
#3 /home/vafh5947/public_html/wp-includes/class-wp-hook.php(303): ftc_canvas_cart('')
#4 /home/vafh5947/public_html/wp-includes/class-wp-hook.php(327): WP_Hook->apply_filters(NULL, Array)
#5 /home/vafh5947/public_html/wp-includes/plugin.php(470): WP_Hook->do_action(Array)
#6 /home/vafh5947/public_html/wp-includes/general-template.php(3031): do_action('wp_footer')
#7 /home/vafh5947/public_html/wp-includes/blocks/legacy-widget.php(123): wp_footer()
#8 /home/vafh5947/public_html/wp-includes/ in /home/vafh5947/public_html/wp-content/plugins/woocommerce/templates/cart/mini-cart.php on line 24

2021-12-05T08:24:40+00:00 CRITICAL Uncaught Error: Call to a member function is_empty() on null in /home/vafh5947/public_html/wp-content/plugins/woocommerce/templates/cart/mini-cart.php:24
Stack trace:
#0 /home/vafh5947/public_html/wp-content/plugins/woocommerce/includes/wc-core-functions.php(345): include()
#1 /home/vafh5947/public_html/wp-content/plugins/woocommerce/includes/wc-template-functions.php(2215): wc_get_template('cart/mini-cart....', Array)
#2 /home/vafh5947/public_html/wp-content/themes/ornaldo/inc/woo/functions.php(146): woocommerce_mini_cart()
#3 /home/vafh5947/public_html/wp-includes/class-wp-hook.php(303): ftc_canvas_cart('')
#4 /home/vafh5947/public_html/wp-includes/class-wp-hook.php(327): WP_Hook->apply_filters(NULL, Array)
#5 /home/vafh5947/public_html/wp-includes/plugin.php(470): WP_Hook->do_action(Array)
#6 /home/vafh5947/public_html/wp-includes/general-template.php(3031): do_action('wp_footer')
#7 /home/vafh5947/public_html/wp-includes/blocks/legacy-widget.php(123): wp_footer()
#8 /home/vafh5947/public_html/wp-includes/ in /home/vafh5947/public_html/wp-content/plugins/woocommerce/templates/cart/mini-cart.php on line 24

2021-12-05T08:24:40+00:00 CRITICAL Uncaught Error: Call to a member function is_empty() on null in /home/vafh5947/public_html/wp-content/plugins/woocommerce/templates/cart/mini-cart.php:24
Stack trace:
#0 /home/vafh5947/public_html/wp-content/plugins/woocommerce/includes/wc-core-functions.php(345): include()
#1 /home/vafh5947/public_html/wp-content/plugins/woocommerce/includes/wc-template-functions.php(2215): wc_get_template('cart/mini-cart....', Array)
#2 /home/vafh5947/public_html/wp-content/themes/ornaldo/inc/woo/functions.php(146): woocommerce_mini_cart()
#3 /home/vafh5947/public_html/wp-includes/class-wp-hook.php(303): ftc_canvas_cart('')
#4 /home/vafh5947/public_html/wp-includes/class-wp-hook.php(327): WP_Hook->apply_filters(NULL, Array)
#5 /home/vafh5947/public_html/wp-includes/plugin.php(470): WP_Hook->do_action(Array)
#6 /home/vafh5947/public_html/wp-includes/general-template.php(3031): do_action('wp_footer')
#7 /home/vafh5947/public_html/wp-includes/blocks/legacy-widget.php(123): wp_footer()
#8 /home/vafh5947/public_html/wp-includes/ in /home/vafh5947/public_html/wp-content/plugins/woocommerce/templates/cart/mini-cart.php on line 24

2021-12-05T08:24:42+00:00 CRITICAL Uncaught Error: Call to a member function is_empty() on null in /home/vafh5947/public_html/wp-content/plugins/woocommerce/templates/cart/mini-cart.php:24
Stack trace:
#0 /home/vafh5947/public_html/wp-content/plugins/woocommerce/includes/wc-core-functions.php(345): include()
#1 /home/vafh5947/public_html/wp-content/plugins/woocommerce/includes/wc-template-functions.php(2215): wc_get_template('cart/mini-cart....', Array)
#2 /home/vafh5947/public_html/wp-content/themes/ornaldo/inc/woo/functions.php(146): woocommerce_mini_cart()
#3 /home/vafh5947/public_html/wp-includes/class-wp-hook.php(303): ftc_canvas_cart('')
#4 /home/vafh5947/public_html/wp-includes/class-wp-hook.php(327): WP_Hook->apply_filters(NULL, Array)
#5 /home/vafh5947/public_html/wp-includes/plugin.php(470): WP_Hook->do_action(Array)
#6 /home/vafh5947/public_html/wp-includes/general-template.php(3031): do_action('wp_footer')
#7 /home/vafh5947/public_html/wp-includes/blocks/legacy-widget.php(123): wp_footer()
#8 /home/vafh5947/public_html/wp-includes/ in /home/vafh5947/public_html/wp-content/plugins/woocommerce/templates/cart/mini-cart.php on line 24

2021-12-05T08:24:43+00:00 CRITICAL Uncaught Error: Call to a member function is_empty() on null in /home/vafh5947/public_html/wp-content/plugins/woocommerce/templates/cart/mini-cart.php:24
Stack trace:
#0 /home/vafh5947/public_html/wp-content/plugins/woocommerce/includes/wc-core-functions.php(345): include()
#1 /home/vafh5947/public_html/wp-content/plugins/woocommerce/includes/wc-template-functions.php(2215): wc_get_template('cart/mini-cart....', Array)
#2 /home/vafh5947/public_html/wp-content/themes/ornaldo/inc/woo/functions.php(146): woocommerce_mini_cart()
#3 /home/vafh5947/public_html/wp-includes/class-wp-hook.php(303): ftc_canvas_cart('')
#4 /home/vafh5947/public_html/wp-includes/class-wp-hook.php(327): WP_Hook->apply_filters(NULL, Array)
#5 /home/vafh5947/public_html/wp-includes/plugin.php(470): WP_Hook->do_action(Array)
#6 /home/vafh5947/public_html/wp-includes/general-template.php(3031): do_action('wp_footer')
#7 /home/vafh5947/public_html/wp-includes/blocks/legacy-widget.php(123): wp_footer()
#8 /home/vafh5947/public_html/wp-includes/ in /home/vafh5947/public_html/wp-content/plugins/woocommerce/templates/cart/mini-cart.php on line 24

2021-12-05T08:24:43+00:00 CRITICAL Uncaught Error: Call to a member function is_empty() on null in /home/vafh5947/public_html/wp-content/plugins/woocommerce/templates/cart/mini-cart.php:24
Stack trace:
#0 /home/vafh5947/public_html/wp-content/plugins/woocommerce/includes/wc-core-functions.php(345): include()
#1 /home/vafh5947/public_html/wp-content/plugins/woocommerce/includes/wc-template-functions.php(2215): wc_get_template('cart/mini-cart....', Array)
#2 /home/vafh5947/public_html/wp-content/themes/ornaldo/inc/woo/functions.php(146): woocommerce_mini_cart()
#3 /home/vafh5947/public_html/wp-includes/class-wp-hook.php(303): ftc_canvas_cart('')
#4 /home/vafh5947/public_html/wp-includes/class-wp-hook.php(327): WP_Hook->apply_filters(NULL, Array)
#5 /home/vafh5947/public_html/wp-includes/plugin.php(470): WP_Hook->do_action(Array)
#6 /home/vafh5947/public_html/wp-includes/general-template.php(3031): do_action('wp_footer')
#7 /home/vafh5947/public_html/wp-includes/blocks/legacy-widget.php(123): wp_footer()
#8 /home/vafh5947/public_html/wp-includes/ in /home/vafh5947/public_html/wp-content/plugins/woocommerce/templates/cart/mini-cart.php on line 24

2021-12-05T08:24:44+00:00 CRITICAL Uncaught Error: Call to a member function is_empty() on null in /home/vafh5947/public_html/wp-content/plugins/woocommerce/templates/cart/mini-cart.php:24
Stack trace:
#0 /home/vafh5947/public_html/wp-content/plugins/woocommerce/includes/wc-core-functions.php(345): include()
#1 /home/vafh5947/public_html/wp-content/plugins/woocommerce/includes/wc-template-functions.php(2215): wc_get_template('cart/mini-cart....', Array)
#2 /home/vafh5947/public_html/wp-content/themes/ornaldo/inc/woo/functions.php(146): woocommerce_mini_cart()
#3 /home/vafh5947/public_html/wp-includes/class-wp-hook.php(303): ftc_canvas_cart('')
#4 /home/vafh5947/public_html/wp-includes/class-wp-hook.php(327): WP_Hook->apply_filters(NULL, Array)
#5 /home/vafh5947/public_html/wp-includes/plugin.php(470): WP_Hook->do_action(Array)
#6 /home/vafh5947/public_html/wp-includes/general-template.php(3031): do_action('wp_footer')
#7 /home/vafh5947/public_html/wp-includes/blocks/legacy-widget.php(123): wp_footer()
#8 /home/vafh5947/public_html/wp-includes/ in /home/vafh5947/public_html/wp-content/plugins/woocommerce/templates/cart/mini-cart.php on line 24

2021-12-05T08:24:44+00:00 CRITICAL Uncaught Error: Call to a member function is_empty() on null in /home/vafh5947/public_html/wp-content/plugins/woocommerce/templates/cart/mini-cart.php:24
Stack trace:
#0 /home/vafh5947/public_html/wp-content/plugins/woocommerce/includes/wc-core-functions.php(345): include()
#1 /home/vafh5947/public_html/wp-content/plugins/woocommerce/includes/wc-template-functions.php(2215): wc_get_template('cart/mini-cart....', Array)
#2 /home/vafh5947/public_html/wp-content/themes/ornaldo/inc/woo/functions.php(146): woocommerce_mini_cart()
#3 /home/vafh5947/public_html/wp-includes/class-wp-hook.php(303): ftc_canvas_cart('')
#4 /home/vafh5947/public_html/wp-includes/class-wp-hook.php(327): WP_Hook->apply_filters(NULL, Array)
#5 /home/vafh5947/public_html/wp-includes/plugin.php(470): WP_Hook->do_action(Array)
#6 /home/vafh5947/public_html/wp-includes/general-template.php(3031): do_action('wp_footer')
#7 /home/vafh5947/public_html/wp-includes/blocks/legacy-widget.php(123): wp_footer()
#8 /home/vafh5947/public_html/wp-includes/ in /home/vafh5947/public_html/wp-content/plugins/woocommerce/templates/cart/mini-cart.php on line 24

2021-12-05T08:24:44+00:00 CRITICAL Uncaught Error: Call to a member function is_empty() on null in /home/vafh5947/public_html/wp-content/plugins/woocommerce/templates/cart/mini-cart.php:24
Stack trace:
#0 /home/vafh5947/public_html/wp-content/plugins/woocommerce/includes/wc-core-functions.php(345): include()
#1 /home/vafh5947/public_html/wp-content/plugins/woocommerce/includes/wc-template-functions.php(2215): wc_get_template('cart/mini-cart....', Array)
#2 /home/vafh5947/public_html/wp-content/themes/ornaldo/inc/woo/functions.php(146): woocommerce_mini_cart()
#3 /home/vafh5947/public_html/wp-includes/class-wp-hook.php(303): ftc_canvas_cart('')
#4 /home/vafh5947/public_html/wp-includes/class-wp-hook.php(327): WP_Hook->apply_filters(NULL, Array)
#5 /home/vafh5947/public_html/wp-includes/plugin.php(470): WP_Hook->do_action(Array)
#6 /home/vafh5947/public_html/wp-includes/general-template.php(3031): do_action('wp_footer')
#7 /home/vafh5947/public_html/wp-includes/blocks/legacy-widget.php(123): wp_footer()
#8 /home/vafh5947/public_html/wp-includes/ in /home/vafh5947/public_html/wp-content/plugins/woocommerce/templates/cart/mini-cart.php on line 24

2021-12-05T08:24:44+00:00 CRITICAL Uncaught Error: Call to a member function is_empty() on null in /home/vafh5947/public_html/wp-content/plugins/woocommerce/templates/cart/mini-cart.php:24
Stack trace:
#0 /home/vafh5947/public_html/wp-content/plugins/woocommerce/includes/wc-core-functions.php(345): include()
#1 /home/vafh5947/public_html/wp-content/plugins/woocommerce/includes/wc-template-functions.php(2215): wc_get_template('cart/mini-cart....', Array)
#2 /home/vafh5947/public_html/wp-content/themes/ornaldo/inc/woo/functions.php(146): woocommerce_mini_cart()
#3 /home/vafh5947/public_html/wp-includes/class-wp-hook.php(303): ftc_canvas_cart('')
#4 /home/vafh5947/public_html/wp-includes/class-wp-hook.php(327): WP_Hook->apply_filters(NULL, Array)
#5 /home/vafh5947/public_html/wp-includes/plugin.php(470): WP_Hook->do_action(Array)
#6 /home/vafh5947/public_html/wp-includes/general-template.php(3031): do_action('wp_footer')
#7 /home/vafh5947/public_html/wp-includes/blocks/legacy-widget.php(123): wp_footer()
#8 /home/vafh5947/public_html/wp-includes/ in /home/vafh5947/public_html/wp-content/plugins/woocommerce/templates/cart/mini-cart.php on line 24

2021-12-05T08:24:45+00:00 CRITICAL Uncaught Error: Call to a member function is_empty() on null in /home/vafh5947/public_html/wp-content/plugins/woocommerce/templates/cart/mini-cart.php:24
Stack trace:
#0 /home/vafh5947/public_html/wp-content/plugins/woocommerce/includes/wc-core-functions.php(345): include()
#1 /home/vafh5947/public_html/wp-content/plugins/woocommerce/includes/wc-template-functions.php(2215): wc_get_template('cart/mini-cart....', Array)
#2 /home/vafh5947/public_html/wp-content/themes/ornaldo/inc/woo/functions.php(146): woocommerce_mini_cart()
#3 /home/vafh5947/public_html/wp-includes/class-wp-hook.php(303): ftc_canvas_cart('')
#4 /home/vafh5947/public_html/wp-includes/class-wp-hook.php(327): WP_Hook->apply_filters(NULL, Array)
#5 /home/vafh5947/public_html/wp-includes/plugin.php(470): WP_Hook->do_action(Array)
#6 /home/vafh5947/public_html/wp-includes/general-template.php(3031): do_action('wp_footer')
#7 /home/vafh5947/public_html/wp-includes/blocks/legacy-widget.php(123): wp_footer()
#8 /home/vafh5947/public_html/wp-includes/ in /home/vafh5947/public_html/wp-content/plugins/woocommerce/templates/cart/mini-cart.php on line 24

2021-12-05T08:24:45+00:00 CRITICAL Uncaught Error: Call to a member function is_empty() on null in /home/vafh5947/public_html/wp-content/plugins/woocommerce/templates/cart/mini-cart.php:24
Stack trace:
#0 /home/vafh5947/public_html/wp-content/plugins/woocommerce/includes/wc-core-functions.php(345): include()
#1 /home/vafh5947/public_html/wp-content/plugins/woocommerce/includes/wc-template-functions.php(2215): wc_get_template('cart/mini-cart....', Array)
#2 /home/vafh5947/public_html/wp-content/themes/ornaldo/inc/woo/functions.php(146): woocommerce_mini_cart()
#3 /home/vafh5947/public_html/wp-includes/class-wp-hook.php(303): ftc_canvas_cart('')
#4 /home/vafh5947/public_html/wp-includes/class-wp-hook.php(327): WP_Hook->apply_filters(NULL, Array)
#5 /home/vafh5947/public_html/wp-includes/plugin.php(470): WP_Hook->do_action(Array)
#6 /home/vafh5947/public_html/wp-includes/general-template.php(3031): do_action('wp_footer')
#7 /home/vafh5947/public_html/wp-includes/blocks/legacy-widget.php(123): wp_footer()
#8 /home/vafh5947/public_html/wp-includes/ in /home/vafh5947/public_html/wp-content/plugins/woocommerce/templates/cart/mini-cart.php on line 24

2021-12-05T08:24:45+00:00 CRITICAL Uncaught Error: Call to a member function is_empty() on null in /home/vafh5947/public_html/wp-content/plugins/woocommerce/templates/cart/mini-cart.php:24
Stack trace:
#0 /home/vafh5947/public_html/wp-content/plugins/woocommerce/includes/wc-core-functions.php(345): include()
#1 /home/vafh5947/public_html/wp-content/plugins/woocommerce/includes/wc-template-functions.php(2215): wc_get_template('cart/mini-cart....', Array)
#2 /home/vafh5947/public_html/wp-content/themes/ornaldo/inc/woo/functions.php(146): woocommerce_mini_cart()
#3 /home/vafh5947/public_html/wp-includes/class-wp-hook.php(303): ftc_canvas_cart('')
#4 /home/vafh5947/public_html/wp-includes/class-wp-hook.php(327): WP_Hook->apply_filters(NULL, Array)
#5 /home/vafh5947/public_html/wp-includes/plugin.php(470): WP_Hook->do_action(Array)
#6 /home/vafh5947/public_html/wp-includes/general-template.php(3031): do_action('wp_footer')
#7 /home/vafh5947/public_html/wp-includes/blocks/legacy-widget.php(123): wp_footer()
#8 /home/vafh5947/public_html/wp-includes/ in /home/vafh5947/public_html/wp-content/plugins/woocommerce/templates/cart/mini-cart.php on line 24

2021-12-05T08:24:45+00:00 CRITICAL Uncaught Error: Call to a member function is_empty() on null in /home/vafh5947/public_html/wp-content/plugins/woocommerce/templates/cart/mini-cart.php:24
Stack trace:
#0 /home/vafh5947/public_html/wp-content/plugins/woocommerce/includes/wc-core-functions.php(345): include()
#1 /home/vafh5947/public_html/wp-content/plugins/woocommerce/includes/wc-template-functions.php(2215): wc_get_template('cart/mini-cart....', Array)
#2 /home/vafh5947/public_html/wp-content/themes/ornaldo/inc/woo/functions.php(146): woocommerce_mini_cart()
#3 /home/vafh5947/public_html/wp-includes/class-wp-hook.php(303): ftc_canvas_cart('')
#4 /home/vafh5947/public_html/wp-includes/class-wp-hook.php(327): WP_Hook->apply_filters(NULL, Array)
#5 /home/vafh5947/public_html/wp-includes/plugin.php(470): WP_Hook->do_action(Array)
#6 /home/vafh5947/public_html/wp-includes/general-template.php(3031): do_action('wp_footer')
#7 /home/vafh5947/public_html/wp-includes/blocks/legacy-widget.php(123): wp_footer()
#8 /home/vafh5947/public_html/wp-includes/ in /home/vafh5947/public_html/wp-content/plugins/woocommerce/templates/cart/mini-cart.php on line 24

2021-12-05T08:24:45+00:00 CRITICAL Uncaught Error: Call to a member function is_empty() on null in /home/vafh5947/public_html/wp-content/plugins/woocommerce/templates/cart/mini-cart.php:24
Stack trace:
#0 /home/vafh5947/public_html/wp-content/plugins/woocommerce/includes/wc-core-functions.php(345): include()
#1 /home/vafh5947/public_html/wp-content/plugins/woocommerce/includes/wc-template-functions.php(2215): wc_get_template('cart/mini-cart....', Array)
#2 /home/vafh5947/public_html/wp-content/themes/ornaldo/inc/woo/functions.php(146): woocommerce_mini_cart()
#3 /home/vafh5947/public_html/wp-includes/class-wp-hook.php(303): ftc_canvas_cart('')
#4 /home/vafh5947/public_html/wp-includes/class-wp-hook.php(327): WP_Hook->apply_filters(NULL, Array)
#5 /home/vafh5947/public_html/wp-includes/plugin.php(470): WP_Hook->do_action(Array)
#6 /home/vafh5947/public_html/wp-includes/general-template.php(3031): do_action('wp_footer')
#7 /home/vafh5947/public_html/wp-includes/blocks/legacy-widget.php(123): wp_footer()
#8 /home/vafh5947/public_html/wp-includes/ in /home/vafh5947/public_html/wp-content/plugins/woocommerce/templates/cart/mini-cart.php on line 24

2021-12-05T08:24:45+00:00 CRITICAL Uncaught Error: Call to a member function is_empty() on null in /home/vafh5947/public_html/wp-content/plugins/woocommerce/templates/cart/mini-cart.php:24
Stack trace:
#0 /home/vafh5947/public_html/wp-content/plugins/woocommerce/includes/wc-core-functions.php(345): include()
#1 /home/vafh5947/public_html/wp-content/plugins/woocommerce/includes/wc-template-functions.php(2215): wc_get_template('cart/mini-cart....', Array)
#2 /home/vafh5947/public_html/wp-content/themes/ornaldo/inc/woo/functions.php(146): woocommerce_mini_cart()
#3 /home/vafh5947/public_html/wp-includes/class-wp-hook.php(303): ftc_canvas_cart('')
#4 /home/vafh5947/public_html/wp-includes/class-wp-hook.php(327): WP_Hook->apply_filters(NULL, Array)
#5 /home/vafh5947/public_html/wp-includes/plugin.php(470): WP_Hook->do_action(Array)
#6 /home/vafh5947/public_html/wp-includes/general-template.php(3031): do_action('wp_footer')
#7 /home/vafh5947/public_html/wp-includes/blocks/legacy-widget.php(123): wp_footer()
#8 /home/vafh5947/public_html/wp-includes/ in /home/vafh5947/public_html/wp-content/plugins/woocommerce/templates/cart/mini-cart.php on line 24

2021-12-05T08:25:28+00:00 CRITICAL Uncaught Error: Call to a member function is_empty() on null in /home/vafh5947/public_html/wp-content/plugins/woocommerce/templates/cart/mini-cart.php:24
Stack trace:
#0 /home/vafh5947/public_html/wp-content/plugins/woocommerce/includes/wc-core-functions.php(345): include()
#1 /home/vafh5947/public_html/wp-content/plugins/woocommerce/includes/wc-template-functions.php(2215): wc_get_template('cart/mini-cart....', Array)
#2 /home/vafh5947/public_html/wp-content/themes/ornaldo/inc/woo/functions.php(146): woocommerce_mini_cart()
#3 /home/vafh5947/public_html/wp-includes/class-wp-hook.php(303): ftc_canvas_cart('')
#4 /home/vafh5947/public_html/wp-includes/class-wp-hook.php(327): WP_Hook->apply_filters(NULL, Array)
#5 /home/vafh5947/public_html/wp-includes/plugin.php(470): WP_Hook->do_action(Array)
#6 /home/vafh5947/public_html/wp-includes/general-template.php(3031): do_action('wp_footer')
#7 /home/vafh5947/public_html/wp-includes/blocks/legacy-widget.php(123): wp_footer()
#8 /home/vafh5947/public_html/wp-includes/ in /home/vafh5947/public_html/wp-content/plugins/woocommerce/templates/cart/mini-cart.php on line 24

2021-12-05T08:25:34+00:00 CRITICAL Uncaught Error: Call to a member function is_empty() on null in /home/vafh5947/public_html/wp-content/plugins/woocommerce/templates/cart/mini-cart.php:24
Stack trace:
#0 /home/vafh5947/public_html/wp-content/plugins/woocommerce/includes/wc-core-functions.php(345): include()
#1 /home/vafh5947/public_html/wp-content/plugins/woocommerce/includes/wc-template-functions.php(2215): wc_get_template('cart/mini-cart....', Array)
#2 /home/vafh5947/public_html/wp-content/themes/ornaldo/inc/woo/functions.php(146): woocommerce_mini_cart()
#3 /home/vafh5947/public_html/wp-includes/class-wp-hook.php(303): ftc_canvas_cart('')
#4 /home/vafh5947/public_html/wp-includes/class-wp-hook.php(327): WP_Hook->apply_filters(NULL, Array)
#5 /home/vafh5947/public_html/wp-includes/plugin.php(470): WP_Hook->do_action(Array)
#6 /home/vafh5947/public_html/wp-includes/general-template.php(3031): do_action('wp_footer')
#7 /home/vafh5947/public_html/wp-includes/blocks/legacy-widget.php(123): wp_footer()
#8 /home/vafh5947/public_html/wp-includes/ in /home/vafh5947/public_html/wp-content/plugins/woocommerce/templates/cart/mini-cart.php on line 24

2021-12-05T08:25:34+00:00 CRITICAL Uncaught Error: Call to a member function is_empty() on null in /home/vafh5947/public_html/wp-content/plugins/woocommerce/templates/cart/mini-cart.php:24
Stack trace:
#0 /home/vafh5947/public_html/wp-content/plugins/woocommerce/includes/wc-core-functions.php(345): include()
#1 /home/vafh5947/public_html/wp-content/plugins/woocommerce/includes/wc-template-functions.php(2215): wc_get_template('cart/mini-cart....', Array)
#2 /home/vafh5947/public_html/wp-content/themes/ornaldo/inc/woo/functions.php(146): woocommerce_mini_cart()
#3 /home/vafh5947/public_html/wp-includes/class-wp-hook.php(303): ftc_canvas_cart('')
#4 /home/vafh5947/public_html/wp-includes/class-wp-hook.php(327): WP_Hook->apply_filters(NULL, Array)
#5 /home/vafh5947/public_html/wp-includes/plugin.php(470): WP_Hook->do_action(Array)
#6 /home/vafh5947/public_html/wp-includes/general-template.php(3031): do_action('wp_footer')
#7 /home/vafh5947/public_html/wp-includes/blocks/legacy-widget.php(123): wp_footer()
#8 /home/vafh5947/public_html/wp-includes/ in /home/vafh5947/public_html/wp-content/plugins/woocommerce/templates/cart/mini-cart.php on line 24

2021-12-05T11:22:21+00:00 CRITICAL Uncaught Error: Call to a member function is_empty() on null in /home/vafh5947/public_html/wp-content/plugins/woocommerce/templates/cart/mini-cart.php:24
Stack trace:
#0 /home/vafh5947/public_html/wp-content/plugins/woocommerce/includes/wc-core-functions.php(345): include()
#1 /home/vafh5947/public_html/wp-content/plugins/woocommerce/includes/wc-template-functions.php(2215): wc_get_template('cart/mini-cart....', Array)
#2 /home/vafh5947/public_html/wp-content/themes/ornaldo/inc/woo/functions.php(146): woocommerce_mini_cart()
#3 /home/vafh5947/public_html/wp-includes/class-wp-hook.php(303): ftc_canvas_cart('')
#4 /home/vafh5947/public_html/wp-includes/class-wp-hook.php(327): WP_Hook->apply_filters(NULL, Array)
#5 /home/vafh5947/public_html/wp-includes/plugin.php(470): WP_Hook->do_action(Array)
#6 /home/vafh5947/public_html/wp-includes/general-template.php(3031): do_action('wp_footer')
#7 /home/vafh5947/public_html/wp-includes/blocks/legacy-widget.php(123): wp_footer()
#8 /home/vafh5947/public_html/wp-includes/ in /home/vafh5947/public_html/wp-content/plugins/woocommerce/templates/cart/mini-cart.php on line 24

2021-12-05T11:22:21+00:00 CRITICAL Uncaught Error: Call to a member function is_empty() on null in /home/vafh5947/public_html/wp-content/plugins/woocommerce/templates/cart/mini-cart.php:24
Stack trace:
#0 /home/vafh5947/public_html/wp-content/plugins/woocommerce/includes/wc-core-functions.php(345): include()
#1 /home/vafh5947/public_html/wp-content/plugins/woocommerce/includes/wc-template-functions.php(2215): wc_get_template('cart/mini-cart....', Array)
#2 /home/vafh5947/public_html/wp-content/themes/ornaldo/inc/woo/functions.php(146): woocommerce_mini_cart()
#3 /home/vafh5947/public_html/wp-includes/class-wp-hook.php(303): ftc_canvas_cart('')
#4 /home/vafh5947/public_html/wp-includes/class-wp-hook.php(327): WP_Hook->apply_filters(NULL, Array)
#5 /home/vafh5947/public_html/wp-includes/plugin.php(470): WP_Hook->do_action(Array)
#6 /home/vafh5947/public_html/wp-includes/general-template.php(3031): do_action('wp_footer')
#7 /home/vafh5947/public_html/wp-includes/blocks/legacy-widget.php(123): wp_footer()
#8 /home/vafh5947/public_html/wp-includes/ in /home/vafh5947/public_html/wp-content/plugins/woocommerce/templates/cart/mini-cart.php on line 24

2021-12-05T11:32:40+00:00 CRITICAL Uncaught Error: Call to a member function is_empty() on null in /home/vafh5947/public_html/wp-content/plugins/woocommerce/templates/cart/mini-cart.php:24
Stack trace:
#0 /home/vafh5947/public_html/wp-content/plugins/woocommerce/includes/wc-core-functions.php(345): include()
#1 /home/vafh5947/public_html/wp-content/plugins/woocommerce/includes/wc-template-functions.php(2215): wc_get_template('cart/mini-cart....', Array)
#2 /home/vafh5947/public_html/wp-content/themes/ornaldo/inc/woo/functions.php(146): woocommerce_mini_cart()
#3 /home/vafh5947/public_html/wp-includes/class-wp-hook.php(303): ftc_canvas_cart('')
#4 /home/vafh5947/public_html/wp-includes/class-wp-hook.php(327): WP_Hook->apply_filters(NULL, Array)
#5 /home/vafh5947/public_html/wp-includes/plugin.php(470): WP_Hook->do_action(Array)
#6 /home/vafh5947/public_html/wp-includes/general-template.php(3031): do_action('wp_footer')
#7 /home/vafh5947/public_html/wp-includes/blocks/legacy-widget.php(123): wp_footer()
#8 /home/vafh5947/public_html/wp-includes/ in /home/vafh5947/public_html/wp-content/plugins/woocommerce/templates/cart/mini-cart.php on line 24

2021-12-05T11:32:52+00:00 CRITICAL Uncaught Error: Call to a member function is_empty() on null in /home/vafh5947/public_html/wp-content/plugins/woocommerce/templates/cart/mini-cart.php:24
Stack trace:
#0 /home/vafh5947/public_html/wp-content/plugins/woocommerce/includes/wc-core-functions.php(345): include()
#1 /home/vafh5947/public_html/wp-content/plugins/woocommerce/includes/wc-template-functions.php(2215): wc_get_template('cart/mini-cart....', Array)
#2 /home/vafh5947/public_html/wp-content/themes/ornaldo/inc/woo/functions.php(146): woocommerce_mini_cart()
#3 /home/vafh5947/public_html/wp-includes/class-wp-hook.php(303): ftc_canvas_cart('')
#4 /home/vafh5947/public_html/wp-includes/class-wp-hook.php(327): WP_Hook->apply_filters(NULL, Array)
#5 /home/vafh5947/public_html/wp-includes/plugin.php(470): WP_Hook->do_action(Array)
#6 /home/vafh5947/public_html/wp-includes/general-template.php(3031): do_action('wp_footer')
#7 /home/vafh5947/public_html/wp-includes/blocks/legacy-widget.php(123): wp_footer()
#8 /home/vafh5947/public_html/wp-includes/ in /home/vafh5947/public_html/wp-content/plugins/woocommerce/templates/cart/mini-cart.php on line 24

2021-12-05T12:53:17+00:00 CRITICAL Uncaught Error: Call to a member function is_empty() on null in /home/vafh5947/public_html/wp-content/plugins/woocommerce/templates/cart/mini-cart.php:24
Stack trace:
#0 /home/vafh5947/public_html/wp-content/plugins/woocommerce/includes/wc-core-functions.php(345): include()
#1 /home/vafh5947/public_html/wp-content/plugins/woocommerce/includes/wc-template-functions.php(2215): wc_get_template('cart/mini-cart....', Array)
#2 /home/vafh5947/public_html/wp-content/themes/ornaldo/inc/woo/functions.php(146): woocommerce_mini_cart()
#3 /home/vafh5947/public_html/wp-includes/class-wp-hook.php(303): ftc_canvas_cart('')
#4 /home/vafh5947/public_html/wp-includes/class-wp-hook.php(327): WP_Hook->apply_filters(NULL, Array)
#5 /home/vafh5947/public_html/wp-includes/plugin.php(470): WP_Hook->do_action(Array)
#6 /home/vafh5947/public_html/wp-includes/general-template.php(3031): do_action('wp_footer')
#7 /home/vafh5947/public_html/wp-includes/blocks/legacy-widget.php(123): wp_footer()
#8 /home/vafh5947/public_html/wp-includes/ in /home/vafh5947/public_html/wp-content/plugins/woocommerce/templates/cart/mini-cart.php on line 24

2021-12-05T12:53:23+00:00 CRITICAL Uncaught Error: Call to a member function is_empty() on null in /home/vafh5947/public_html/wp-content/plugins/woocommerce/templates/cart/mini-cart.php:24
Stack trace:
#0 /home/vafh5947/public_html/wp-content/plugins/woocommerce/includes/wc-core-functions.php(345): include()
#1 /home/vafh5947/public_html/wp-content/plugins/woocommerce/includes/wc-template-functions.php(2215): wc_get_template('cart/mini-cart....', Array)
#2 /home/vafh5947/public_html/wp-content/themes/ornaldo/inc/woo/functions.php(146): woocommerce_mini_cart()
#3 /home/vafh5947/public_html/wp-includes/class-wp-hook.php(303): ftc_canvas_cart('')
#4 /home/vafh5947/public_html/wp-includes/class-wp-hook.php(327): WP_Hook->apply_filters(NULL, Array)
#5 /home/vafh5947/public_html/wp-includes/plugin.php(470): WP_Hook->do_action(Array)
#6 /home/vafh5947/public_html/wp-includes/general-template.php(3031): do_action('wp_footer')
#7 /home/vafh5947/public_html/wp-includes/blocks/legacy-widget.php(123): wp_footer()
#8 /home/vafh5947/public_html/wp-includes/ in /home/vafh5947/public_html/wp-content/plugins/woocommerce/templates/cart/mini-cart.php on line 24

2021-12-05T12:53:23+00:00 CRITICAL Uncaught Error: Call to a member function is_empty() on null in /home/vafh5947/public_html/wp-content/plugins/woocommerce/templates/cart/mini-cart.php:24
Stack trace:
#0 /home/vafh5947/public_html/wp-content/plugins/woocommerce/includes/wc-core-functions.php(345): include()
#1 /home/vafh5947/public_html/wp-content/plugins/woocommerce/includes/wc-template-functions.php(2215): wc_get_template('cart/mini-cart....', Array)
#2 /home/vafh5947/public_html/wp-content/themes/ornaldo/inc/woo/functions.php(146): woocommerce_mini_cart()
#3 /home/vafh5947/public_html/wp-includes/class-wp-hook.php(303): ftc_canvas_cart('')
#4 /home/vafh5947/public_html/wp-includes/class-wp-hook.php(327): WP_Hook->apply_filters(NULL, Array)
#5 /home/vafh5947/public_html/wp-includes/plugin.php(470): WP_Hook->do_action(Array)
#6 /home/vafh5947/public_html/wp-includes/general-template.php(3031): do_action('wp_footer')
#7 /home/vafh5947/public_html/wp-includes/blocks/legacy-widget.php(123): wp_footer()
#8 /home/vafh5947/public_html/wp-includes/ in /home/vafh5947/public_html/wp-content/plugins/woocommerce/templates/cart/mini-cart.php on line 24

2021-12-05T12:53:24+00:00 CRITICAL Uncaught Error: Call to a member function is_empty() on null in /home/vafh5947/public_html/wp-content/plugins/woocommerce/templates/cart/mini-cart.php:24
Stack trace:
#0 /home/vafh5947/public_html/wp-content/plugins/woocommerce/includes/wc-core-functions.php(345): include()
#1 /home/vafh5947/public_html/wp-content/plugins/woocommerce/includes/wc-template-functions.php(2215): wc_get_template('cart/mini-cart....', Array)
#2 /home/vafh5947/public_html/wp-content/themes/ornaldo/inc/woo/functions.php(146): woocommerce_mini_cart()
#3 /home/vafh5947/public_html/wp-includes/class-wp-hook.php(303): ftc_canvas_cart('')
#4 /home/vafh5947/public_html/wp-includes/class-wp-hook.php(327): WP_Hook->apply_filters(NULL, Array)
#5 /home/vafh5947/public_html/wp-includes/plugin.php(470): WP_Hook->do_action(Array)
#6 /home/vafh5947/public_html/wp-includes/general-template.php(3031): do_action('wp_footer')
#7 /home/vafh5947/public_html/wp-includes/blocks/legacy-widget.php(123): wp_footer()
#8 /home/vafh5947/public_html/wp-includes/ in /home/vafh5947/public_html/wp-content/plugins/woocommerce/templates/cart/mini-cart.php on line 24

2021-12-05T12:53:24+00:00 CRITICAL Uncaught Error: Call to a member function is_empty() on null in /home/vafh5947/public_html/wp-content/plugins/woocommerce/templates/cart/mini-cart.php:24
Stack trace:
#0 /home/vafh5947/public_html/wp-content/plugins/woocommerce/includes/wc-core-functions.php(345): include()
#1 /home/vafh5947/public_html/wp-content/plugins/woocommerce/includes/wc-template-functions.php(2215): wc_get_template('cart/mini-cart....', Array)
#2 /home/vafh5947/public_html/wp-content/themes/ornaldo/inc/woo/functions.php(146): woocommerce_mini_cart()
#3 /home/vafh5947/public_html/wp-includes/class-wp-hook.php(303): ftc_canvas_cart('')
#4 /home/vafh5947/public_html/wp-includes/class-wp-hook.php(327): WP_Hook->apply_filters(NULL, Array)
#5 /home/vafh5947/public_html/wp-includes/plugin.php(470): WP_Hook->do_action(Array)
#6 /home/vafh5947/public_html/wp-includes/general-template.php(3031): do_action('wp_footer')
#7 /home/vafh5947/public_html/wp-includes/blocks/legacy-widget.php(123): wp_footer()
#8 /home/vafh5947/public_html/wp-includes/ in /home/vafh5947/public_html/wp-content/plugins/woocommerce/templates/cart/mini-cart.php on line 24

2021-12-05T12:53:24+00:00 CRITICAL Uncaught Error: Call to a member function is_empty() on null in /home/vafh5947/public_html/wp-content/plugins/woocommerce/templates/cart/mini-cart.php:24
Stack trace:
#0 /home/vafh5947/public_html/wp-content/plugins/woocommerce/includes/wc-core-functions.php(345): include()
#1 /home/vafh5947/public_html/wp-content/plugins/woocommerce/includes/wc-template-functions.php(2215): wc_get_template('cart/mini-cart....', Array)
#2 /home/vafh5947/public_html/wp-content/themes/ornaldo/inc/woo/functions.php(146): woocommerce_mini_cart()
#3 /home/vafh5947/public_html/wp-includes/class-wp-hook.php(303): ftc_canvas_cart('')
#4 /home/vafh5947/public_html/wp-includes/class-wp-hook.php(327): WP_Hook->apply_filters(NULL, Array)
#5 /home/vafh5947/public_html/wp-includes/plugin.php(470): WP_Hook->do_action(Array)
#6 /home/vafh5947/public_html/wp-includes/general-template.php(3031): do_action('wp_footer')
#7 /home/vafh5947/public_html/wp-includes/blocks/legacy-widget.php(123): wp_footer()
#8 /home/vafh5947/public_html/wp-includes/ in /home/vafh5947/public_html/wp-content/plugins/woocommerce/templates/cart/mini-cart.php on line 24

2021-12-05T12:53:25+00:00 CRITICAL Uncaught Error: Call to a member function is_empty() on null in /home/vafh5947/public_html/wp-content/plugins/woocommerce/templates/cart/mini-cart.php:24
Stack trace:
#0 /home/vafh5947/public_html/wp-content/plugins/woocommerce/includes/wc-core-functions.php(345): include()
#1 /home/vafh5947/public_html/wp-content/plugins/woocommerce/includes/wc-template-functions.php(2215): wc_get_template('cart/mini-cart....', Array)
#2 /home/vafh5947/public_html/wp-content/themes/ornaldo/inc/woo/functions.php(146): woocommerce_mini_cart()
#3 /home/vafh5947/public_html/wp-includes/class-wp-hook.php(303): ftc_canvas_cart('')
#4 /home/vafh5947/public_html/wp-includes/class-wp-hook.php(327): WP_Hook->apply_filters(NULL, Array)
#5 /home/vafh5947/public_html/wp-includes/plugin.php(470): WP_Hook->do_action(Array)
#6 /home/vafh5947/public_html/wp-includes/general-template.php(3031): do_action('wp_footer')
#7 /home/vafh5947/public_html/wp-includes/blocks/legacy-widget.php(123): wp_footer()
#8 /home/vafh5947/public_html/wp-includes/ in /home/vafh5947/public_html/wp-content/plugins/woocommerce/templates/cart/mini-cart.php on line 24

2021-12-05T12:53:26+00:00 CRITICAL Uncaught Error: Call to a member function is_empty() on null in /home/vafh5947/public_html/wp-content/plugins/woocommerce/templates/cart/mini-cart.php:24
Stack trace:
#0 /home/vafh5947/public_html/wp-content/plugins/woocommerce/includes/wc-core-functions.php(345): include()
#1 /home/vafh5947/public_html/wp-content/plugins/woocommerce/includes/wc-template-functions.php(2215): wc_get_template('cart/mini-cart....', Array)
#2 /home/vafh5947/public_html/wp-content/themes/ornaldo/inc/woo/functions.php(146): woocommerce_mini_cart()
#3 /home/vafh5947/public_html/wp-includes/class-wp-hook.php(303): ftc_canvas_cart('')
#4 /home/vafh5947/public_html/wp-includes/class-wp-hook.php(327): WP_Hook->apply_filters(NULL, Array)
#5 /home/vafh5947/public_html/wp-includes/plugin.php(470): WP_Hook->do_action(Array)
#6 /home/vafh5947/public_html/wp-includes/general-template.php(3031): do_action('wp_footer')
#7 /home/vafh5947/public_html/wp-includes/blocks/legacy-widget.php(123): wp_footer()
#8 /home/vafh5947/public_html/wp-includes/ in /home/vafh5947/public_html/wp-content/plugins/woocommerce/templates/cart/mini-cart.php on line 24

2021-12-05T12:53:26+00:00 CRITICAL Uncaught Error: Call to a member function is_empty() on null in /home/vafh5947/public_html/wp-content/plugins/woocommerce/templates/cart/mini-cart.php:24
Stack trace:
#0 /home/vafh5947/public_html/wp-content/plugins/woocommerce/includes/wc-core-functions.php(345): include()
#1 /home/vafh5947/public_html/wp-content/plugins/woocommerce/includes/wc-template-functions.php(2215): wc_get_template('cart/mini-cart....', Array)
#2 /home/vafh5947/public_html/wp-content/themes/ornaldo/inc/woo/functions.php(146): woocommerce_mini_cart()
#3 /home/vafh5947/public_html/wp-includes/class-wp-hook.php(303): ftc_canvas_cart('')
#4 /home/vafh5947/public_html/wp-includes/class-wp-hook.php(327): WP_Hook->apply_filters(NULL, Array)
#5 /home/vafh5947/public_html/wp-includes/plugin.php(470): WP_Hook->do_action(Array)
#6 /home/vafh5947/public_html/wp-includes/general-template.php(3031): do_action('wp_footer')
#7 /home/vafh5947/public_html/wp-includes/blocks/legacy-widget.php(123): wp_footer()
#8 /home/vafh5947/public_html/wp-includes/ in /home/vafh5947/public_html/wp-content/plugins/woocommerce/templates/cart/mini-cart.php on line 24

2021-12-05T12:53:29+00:00 CRITICAL Uncaught Error: Call to a member function is_empty() on null in /home/vafh5947/public_html/wp-content/plugins/woocommerce/templates/cart/mini-cart.php:24
Stack trace:
#0 /home/vafh5947/public_html/wp-content/plugins/woocommerce/includes/wc-core-functions.php(345): include()
#1 /home/vafh5947/public_html/wp-content/plugins/woocommerce/includes/wc-template-functions.php(2215): wc_get_template('cart/mini-cart....', Array)
#2 /home/vafh5947/public_html/wp-content/themes/ornaldo/inc/woo/functions.php(146): woocommerce_mini_cart()
#3 /home/vafh5947/public_html/wp-includes/class-wp-hook.php(303): ftc_canvas_cart('')
#4 /home/vafh5947/public_html/wp-includes/class-wp-hook.php(327): WP_Hook->apply_filters(NULL, Array)
#5 /home/vafh5947/public_html/wp-includes/plugin.php(470): WP_Hook->do_action(Array)
#6 /home/vafh5947/public_html/wp-includes/general-template.php(3031): do_action('wp_footer')
#7 /home/vafh5947/public_html/wp-includes/blocks/legacy-widget.php(123): wp_footer()
#8 /home/vafh5947/public_html/wp-includes/ in /home/vafh5947/public_html/wp-content/plugins/woocommerce/templates/cart/mini-cart.php on line 24

2021-12-05T12:53:31+00:00 CRITICAL Uncaught Error: Call to a member function is_empty() on null in /home/vafh5947/public_html/wp-content/plugins/woocommerce/templates/cart/mini-cart.php:24
Stack trace:
#0 /home/vafh5947/public_html/wp-content/plugins/woocommerce/includes/wc-core-functions.php(345): include()
#1 /home/vafh5947/public_html/wp-content/plugins/woocommerce/includes/wc-template-functions.php(2215): wc_get_template('cart/mini-cart....', Array)
#2 /home/vafh5947/public_html/wp-content/themes/ornaldo/inc/woo/functions.php(146): woocommerce_mini_cart()
#3 /home/vafh5947/public_html/wp-includes/class-wp-hook.php(303): ftc_canvas_cart('')
#4 /home/vafh5947/public_html/wp-includes/class-wp-hook.php(327): WP_Hook->apply_filters(NULL, Array)
#5 /home/vafh5947/public_html/wp-includes/plugin.php(470): WP_Hook->do_action(Array)
#6 /home/vafh5947/public_html/wp-includes/general-template.php(3031): do_action('wp_footer')
#7 /home/vafh5947/public_html/wp-includes/blocks/legacy-widget.php(123): wp_footer()
#8 /home/vafh5947/public_html/wp-includes/ in /home/vafh5947/public_html/wp-content/plugins/woocommerce/templates/cart/mini-cart.php on line 24

2021-12-05T12:53:33+00:00 CRITICAL Uncaught Error: Call to a member function is_empty() on null in /home/vafh5947/public_html/wp-content/plugins/woocommerce/templates/cart/mini-cart.php:24
Stack trace:
#0 /home/vafh5947/public_html/wp-content/plugins/woocommerce/includes/wc-core-functions.php(345): include()
#1 /home/vafh5947/public_html/wp-content/plugins/woocommerce/includes/wc-template-functions.php(2215): wc_get_template('cart/mini-cart....', Array)
#2 /home/vafh5947/public_html/wp-content/themes/ornaldo/inc/woo/functions.php(146): woocommerce_mini_cart()
#3 /home/vafh5947/public_html/wp-includes/class-wp-hook.php(303): ftc_canvas_cart('')
#4 /home/vafh5947/public_html/wp-includes/class-wp-hook.php(327): WP_Hook->apply_filters(NULL, Array)
#5 /home/vafh5947/public_html/wp-includes/plugin.php(470): WP_Hook->do_action(Array)
#6 /home/vafh5947/public_html/wp-includes/general-template.php(3031): do_action('wp_footer')
#7 /home/vafh5947/public_html/wp-includes/blocks/legacy-widget.php(123): wp_footer()
#8 /home/vafh5947/public_html/wp-includes/ in /home/vafh5947/public_html/wp-content/plugins/woocommerce/templates/cart/mini-cart.php on line 24

2021-12-05T12:53:33+00:00 CRITICAL Uncaught Error: Call to a member function is_empty() on null in /home/vafh5947/public_html/wp-content/plugins/woocommerce/templates/cart/mini-cart.php:24
Stack trace:
#0 /home/vafh5947/public_html/wp-content/plugins/woocommerce/includes/wc-core-functions.php(345): include()
#1 /home/vafh5947/public_html/wp-content/plugins/woocommerce/includes/wc-template-functions.php(2215): wc_get_template('cart/mini-cart....', Array)
#2 /home/vafh5947/public_html/wp-content/themes/ornaldo/inc/woo/functions.php(146): woocommerce_mini_cart()
#3 /home/vafh5947/public_html/wp-includes/class-wp-hook.php(303): ftc_canvas_cart('')
#4 /home/vafh5947/public_html/wp-includes/class-wp-hook.php(327): WP_Hook->apply_filters(NULL, Array)
#5 /home/vafh5947/public_html/wp-includes/plugin.php(470): WP_Hook->do_action(Array)
#6 /home/vafh5947/public_html/wp-includes/general-template.php(3031): do_action('wp_footer')
#7 /home/vafh5947/public_html/wp-includes/blocks/legacy-widget.php(123): wp_footer()
#8 /home/vafh5947/public_html/wp-includes/ in /home/vafh5947/public_html/wp-content/plugins/woocommerce/templates/cart/mini-cart.php on line 24

2021-12-05T12:53:34+00:00 CRITICAL Uncaught Error: Call to a member function is_empty() on null in /home/vafh5947/public_html/wp-content/plugins/woocommerce/templates/cart/mini-cart.php:24
Stack trace:
#0 /home/vafh5947/public_html/wp-content/plugins/woocommerce/includes/wc-core-functions.php(345): include()
#1 /home/vafh5947/public_html/wp-content/plugins/woocommerce/includes/wc-template-functions.php(2215): wc_get_template('cart/mini-cart....', Array)
#2 /home/vafh5947/public_html/wp-content/themes/ornaldo/inc/woo/functions.php(146): woocommerce_mini_cart()
#3 /home/vafh5947/public_html/wp-includes/class-wp-hook.php(303): ftc_canvas_cart('')
#4 /home/vafh5947/public_html/wp-includes/class-wp-hook.php(327): WP_Hook->apply_filters(NULL, Array)
#5 /home/vafh5947/public_html/wp-includes/plugin.php(470): WP_Hook->do_action(Array)
#6 /home/vafh5947/public_html/wp-includes/general-template.php(3031): do_action('wp_footer')
#7 /home/vafh5947/public_html/wp-includes/blocks/legacy-widget.php(123): wp_footer()
#8 /home/vafh5947/public_html/wp-includes/ in /home/vafh5947/public_html/wp-content/plugins/woocommerce/templates/cart/mini-cart.php on line 24

2021-12-05T12:53:35+00:00 CRITICAL Uncaught Error: Call to a member function is_empty() on null in /home/vafh5947/public_html/wp-content/plugins/woocommerce/templates/cart/mini-cart.php:24
Stack trace:
#0 /home/vafh5947/public_html/wp-content/plugins/woocommerce/includes/wc-core-functions.php(345): include()
#1 /home/vafh5947/public_html/wp-content/plugins/woocommerce/includes/wc-template-functions.php(2215): wc_get_template('cart/mini-cart....', Array)
#2 /home/vafh5947/public_html/wp-content/themes/ornaldo/inc/woo/functions.php(146): woocommerce_mini_cart()
#3 /home/vafh5947/public_html/wp-includes/class-wp-hook.php(303): ftc_canvas_cart('')
#4 /home/vafh5947/public_html/wp-includes/class-wp-hook.php(327): WP_Hook->apply_filters(NULL, Array)
#5 /home/vafh5947/public_html/wp-includes/plugin.php(470): WP_Hook->do_action(Array)
#6 /home/vafh5947/public_html/wp-includes/general-template.php(3031): do_action('wp_footer')
#7 /home/vafh5947/public_html/wp-includes/blocks/legacy-widget.php(123): wp_footer()
#8 /home/vafh5947/public_html/wp-includes/ in /home/vafh5947/public_html/wp-content/plugins/woocommerce/templates/cart/mini-cart.php on line 24

2021-12-05T12:53:36+00:00 CRITICAL Uncaught Error: Call to a member function is_empty() on null in /home/vafh5947/public_html/wp-content/plugins/woocommerce/templates/cart/mini-cart.php:24
Stack trace:
#0 /home/vafh5947/public_html/wp-content/plugins/woocommerce/includes/wc-core-functions.php(345): include()
#1 /home/vafh5947/public_html/wp-content/plugins/woocommerce/includes/wc-template-functions.php(2215): wc_get_template('cart/mini-cart....', Array)
#2 /home/vafh5947/public_html/wp-content/themes/ornaldo/inc/woo/functions.php(146): woocommerce_mini_cart()
#3 /home/vafh5947/public_html/wp-includes/class-wp-hook.php(303): ftc_canvas_cart('')
#4 /home/vafh5947/public_html/wp-includes/class-wp-hook.php(327): WP_Hook->apply_filters(NULL, Array)
#5 /home/vafh5947/public_html/wp-includes/plugin.php(470): WP_Hook->do_action(Array)
#6 /home/vafh5947/public_html/wp-includes/general-template.php(3031): do_action('wp_footer')
#7 /home/vafh5947/public_html/wp-includes/blocks/legacy-widget.php(123): wp_footer()
#8 /home/vafh5947/public_html/wp-includes/ in /home/vafh5947/public_html/wp-content/plugins/woocommerce/templates/cart/mini-cart.php on line 24

2021-12-05T12:53:36+00:00 CRITICAL Uncaught Error: Call to a member function is_empty() on null in /home/vafh5947/public_html/wp-content/plugins/woocommerce/templates/cart/mini-cart.php:24
Stack trace:
#0 /home/vafh5947/public_html/wp-content/plugins/woocommerce/includes/wc-core-functions.php(345): include()
#1 /home/vafh5947/public_html/wp-content/plugins/woocommerce/includes/wc-template-functions.php(2215): wc_get_template('cart/mini-cart....', Array)
#2 /home/vafh5947/public_html/wp-content/themes/ornaldo/inc/woo/functions.php(146): woocommerce_mini_cart()
#3 /home/vafh5947/public_html/wp-includes/class-wp-hook.php(303): ftc_canvas_cart('')
#4 /home/vafh5947/public_html/wp-includes/class-wp-hook.php(327): WP_Hook->apply_filters(NULL, Array)
#5 /home/vafh5947/public_html/wp-includes/plugin.php(470): WP_Hook->do_action(Array)
#6 /home/vafh5947/public_html/wp-includes/general-template.php(3031): do_action('wp_footer')
#7 /home/vafh5947/public_html/wp-includes/blocks/legacy-widget.php(123): wp_footer()
#8 /home/vafh5947/public_html/wp-includes/ in /home/vafh5947/public_html/wp-content/plugins/woocommerce/templates/cart/mini-cart.php on line 24

2021-12-05T12:53:36+00:00 CRITICAL Uncaught Error: Call to a member function is_empty() on null in /home/vafh5947/public_html/wp-content/plugins/woocommerce/templates/cart/mini-cart.php:24
Stack trace:
#0 /home/vafh5947/public_html/wp-content/plugins/woocommerce/includes/wc-core-functions.php(345): include()
#1 /home/vafh5947/public_html/wp-content/plugins/woocommerce/includes/wc-template-functions.php(2215): wc_get_template('cart/mini-cart....', Array)
#2 /home/vafh5947/public_html/wp-content/themes/ornaldo/inc/woo/functions.php(146): woocommerce_mini_cart()
#3 /home/vafh5947/public_html/wp-includes/class-wp-hook.php(303): ftc_canvas_cart('')
#4 /home/vafh5947/public_html/wp-includes/class-wp-hook.php(327): WP_Hook->apply_filters(NULL, Array)
#5 /home/vafh5947/public_html/wp-includes/plugin.php(470): WP_Hook->do_action(Array)
#6 /home/vafh5947/public_html/wp-includes/general-template.php(3031): do_action('wp_footer')
#7 /home/vafh5947/public_html/wp-includes/blocks/legacy-widget.php(123): wp_footer()
#8 /home/vafh5947/public_html/wp-includes/ in /home/vafh5947/public_html/wp-content/plugins/woocommerce/templates/cart/mini-cart.php on line 24

2021-12-05T12:53:36+00:00 CRITICAL Uncaught Error: Call to a member function is_empty() on null in /home/vafh5947/public_html/wp-content/plugins/woocommerce/templates/cart/mini-cart.php:24
Stack trace:
#0 /home/vafh5947/public_html/wp-content/plugins/woocommerce/includes/wc-core-functions.php(345): include()
#1 /home/vafh5947/public_html/wp-content/plugins/woocommerce/includes/wc-template-functions.php(2215): wc_get_template('cart/mini-cart....', Array)
#2 /home/vafh5947/public_html/wp-content/themes/ornaldo/inc/woo/functions.php(146): woocommerce_mini_cart()
#3 /home/vafh5947/public_html/wp-includes/class-wp-hook.php(303): ftc_canvas_cart('')
#4 /home/vafh5947/public_html/wp-includes/class-wp-hook.php(327): WP_Hook->apply_filters(NULL, Array)
#5 /home/vafh5947/public_html/wp-includes/plugin.php(470): WP_Hook->do_action(Array)
#6 /home/vafh5947/public_html/wp-includes/general-template.php(3031): do_action('wp_footer')
#7 /home/vafh5947/public_html/wp-includes/blocks/legacy-widget.php(123): wp_footer()
#8 /home/vafh5947/public_html/wp-includes/ in /home/vafh5947/public_html/wp-content/plugins/woocommerce/templates/cart/mini-cart.php on line 24

2021-12-05T12:53:37+00:00 CRITICAL Uncaught Error: Call to a member function is_empty() on null in /home/vafh5947/public_html/wp-content/plugins/woocommerce/templates/cart/mini-cart.php:24
Stack trace:
#0 /home/vafh5947/public_html/wp-content/plugins/woocommerce/includes/wc-core-functions.php(345): include()
#1 /home/vafh5947/public_html/wp-content/plugins/woocommerce/includes/wc-template-functions.php(2215): wc_get_template('cart/mini-cart....', Array)
#2 /home/vafh5947/public_html/wp-content/themes/ornaldo/inc/woo/functions.php(146): woocommerce_mini_cart()
#3 /home/vafh5947/public_html/wp-includes/class-wp-hook.php(303): ftc_canvas_cart('')
#4 /home/vafh5947/public_html/wp-includes/class-wp-hook.php(327): WP_Hook->apply_filters(NULL, Array)
#5 /home/vafh5947/public_html/wp-includes/plugin.php(470): WP_Hook->do_action(Array)
#6 /home/vafh5947/public_html/wp-includes/general-template.php(3031): do_action('wp_footer')
#7 /home/vafh5947/public_html/wp-includes/blocks/legacy-widget.php(123): wp_footer()
#8 /home/vafh5947/public_html/wp-includes/ in /home/vafh5947/public_html/wp-content/plugins/woocommerce/templates/cart/mini-cart.php on line 24

2021-12-05T12:53:37+00:00 CRITICAL Uncaught Error: Call to a member function is_empty() on null in /home/vafh5947/public_html/wp-content/plugins/woocommerce/templates/cart/mini-cart.php:24
Stack trace:
#0 /home/vafh5947/public_html/wp-content/plugins/woocommerce/includes/wc-core-functions.php(345): include()
#1 /home/vafh5947/public_html/wp-content/plugins/woocommerce/includes/wc-template-functions.php(2215): wc_get_template('cart/mini-cart....', Array)
#2 /home/vafh5947/public_html/wp-content/themes/ornaldo/inc/woo/functions.php(146): woocommerce_mini_cart()
#3 /home/vafh5947/public_html/wp-includes/class-wp-hook.php(303): ftc_canvas_cart('')
#4 /home/vafh5947/public_html/wp-includes/class-wp-hook.php(327): WP_Hook->apply_filters(NULL, Array)
#5 /home/vafh5947/public_html/wp-includes/plugin.php(470): WP_Hook->do_action(Array)
#6 /home/vafh5947/public_html/wp-includes/general-template.php(3031): do_action('wp_footer')
#7 /home/vafh5947/public_html/wp-includes/blocks/legacy-widget.php(123): wp_footer()
#8 /home/vafh5947/public_html/wp-includes/ in /home/vafh5947/public_html/wp-content/plugins/woocommerce/templates/cart/mini-cart.php on line 24

2021-12-05T12:53:37+00:00 CRITICAL Uncaught Error: Call to a member function is_empty() on null in /home/vafh5947/public_html/wp-content/plugins/woocommerce/templates/cart/mini-cart.php:24
Stack trace:
#0 /home/vafh5947/public_html/wp-content/plugins/woocommerce/includes/wc-core-functions.php(345): include()
#1 /home/vafh5947/public_html/wp-content/plugins/woocommerce/includes/wc-template-functions.php(2215): wc_get_template('cart/mini-cart....', Array)
#2 /home/vafh5947/public_html/wp-content/themes/ornaldo/inc/woo/functions.php(146): woocommerce_mini_cart()
#3 /home/vafh5947/public_html/wp-includes/class-wp-hook.php(303): ftc_canvas_cart('')
#4 /home/vafh5947/public_html/wp-includes/class-wp-hook.php(327): WP_Hook->apply_filters(NULL, Array)
#5 /home/vafh5947/public_html/wp-includes/plugin.php(470): WP_Hook->do_action(Array)
#6 /home/vafh5947/public_html/wp-includes/general-template.php(3031): do_action('wp_footer')
#7 /home/vafh5947/public_html/wp-includes/blocks/legacy-widget.php(123): wp_footer()
#8 /home/vafh5947/public_html/wp-includes/ in /home/vafh5947/public_html/wp-content/plugins/woocommerce/templates/cart/mini-cart.php on line 24

2021-12-05T12:53:38+00:00 CRITICAL Uncaught Error: Call to a member function is_empty() on null in /home/vafh5947/public_html/wp-content/plugins/woocommerce/templates/cart/mini-cart.php:24
Stack trace:
#0 /home/vafh5947/public_html/wp-content/plugins/woocommerce/includes/wc-core-functions.php(345): include()
#1 /home/vafh5947/public_html/wp-content/plugins/woocommerce/includes/wc-template-functions.php(2215): wc_get_template('cart/mini-cart....', Array)
#2 /home/vafh5947/public_html/wp-content/themes/ornaldo/inc/woo/functions.php(146): woocommerce_mini_cart()
#3 /home/vafh5947/public_html/wp-includes/class-wp-hook.php(303): ftc_canvas_cart('')
#4 /home/vafh5947/public_html/wp-includes/class-wp-hook.php(327): WP_Hook->apply_filters(NULL, Array)
#5 /home/vafh5947/public_html/wp-includes/plugin.php(470): WP_Hook->do_action(Array)
#6 /home/vafh5947/public_html/wp-includes/general-template.php(3031): do_action('wp_footer')
#7 /home/vafh5947/public_html/wp-includes/blocks/legacy-widget.php(123): wp_footer()
#8 /home/vafh5947/public_html/wp-includes/ in /home/vafh5947/public_html/wp-content/plugins/woocommerce/templates/cart/mini-cart.php on line 24

2021-12-05T12:53:38+00:00 CRITICAL Uncaught Error: Call to a member function is_empty() on null in /home/vafh5947/public_html/wp-content/plugins/woocommerce/templates/cart/mini-cart.php:24
Stack trace:
#0 /home/vafh5947/public_html/wp-content/plugins/woocommerce/includes/wc-core-functions.php(345): include()
#1 /home/vafh5947/public_html/wp-content/plugins/woocommerce/includes/wc-template-functions.php(2215): wc_get_template('cart/mini-cart....', Array)
#2 /home/vafh5947/public_html/wp-content/themes/ornaldo/inc/woo/functions.php(146): woocommerce_mini_cart()
#3 /home/vafh5947/public_html/wp-includes/class-wp-hook.php(303): ftc_canvas_cart('')
#4 /home/vafh5947/public_html/wp-includes/class-wp-hook.php(327): WP_Hook->apply_filters(NULL, Array)
#5 /home/vafh5947/public_html/wp-includes/plugin.php(470): WP_Hook->do_action(Array)
#6 /home/vafh5947/public_html/wp-includes/general-template.php(3031): do_action('wp_footer')
#7 /home/vafh5947/public_html/wp-includes/blocks/legacy-widget.php(123): wp_footer()
#8 /home/vafh5947/public_html/wp-includes/ in /home/vafh5947/public_html/wp-content/plugins/woocommerce/templates/cart/mini-cart.php on line 24

2021-12-05T12:53:38+00:00 CRITICAL Uncaught Error: Call to a member function is_empty() on null in /home/vafh5947/public_html/wp-content/plugins/woocommerce/templates/cart/mini-cart.php:24
Stack trace:
#0 /home/vafh5947/public_html/wp-content/plugins/woocommerce/includes/wc-core-functions.php(345): include()
#1 /home/vafh5947/public_html/wp-content/plugins/woocommerce/includes/wc-template-functions.php(2215): wc_get_template('cart/mini-cart....', Array)
#2 /home/vafh5947/public_html/wp-content/themes/ornaldo/inc/woo/functions.php(146): woocommerce_mini_cart()
#3 /home/vafh5947/public_html/wp-includes/class-wp-hook.php(303): ftc_canvas_cart('')
#4 /home/vafh5947/public_html/wp-includes/class-wp-hook.php(327): WP_Hook->apply_filters(NULL, Array)
#5 /home/vafh5947/public_html/wp-includes/plugin.php(470): WP_Hook->do_action(Array)
#6 /home/vafh5947/public_html/wp-includes/general-template.php(3031): do_action('wp_footer')
#7 /home/vafh5947/public_html/wp-includes/blocks/legacy-widget.php(123): wp_footer()
#8 /home/vafh5947/public_html/wp-includes/ in /home/vafh5947/public_html/wp-content/plugins/woocommerce/templates/cart/mini-cart.php on line 24

2021-12-05T12:53:38+00:00 CRITICAL Uncaught Error: Call to a member function is_empty() on null in /home/vafh5947/public_html/wp-content/plugins/woocommerce/templates/cart/mini-cart.php:24
Stack trace:
#0 /home/vafh5947/public_html/wp-content/plugins/woocommerce/includes/wc-core-functions.php(345): include()
#1 /home/vafh5947/public_html/wp-content/plugins/woocommerce/includes/wc-template-functions.php(2215): wc_get_template('cart/mini-cart....', Array)
#2 /home/vafh5947/public_html/wp-content/themes/ornaldo/inc/woo/functions.php(146): woocommerce_mini_cart()
#3 /home/vafh5947/public_html/wp-includes/class-wp-hook.php(303): ftc_canvas_cart('')
#4 /home/vafh5947/public_html/wp-includes/class-wp-hook.php(327): WP_Hook->apply_filters(NULL, Array)
#5 /home/vafh5947/public_html/wp-includes/plugin.php(470): WP_Hook->do_action(Array)
#6 /home/vafh5947/public_html/wp-includes/general-template.php(3031): do_action('wp_footer')
#7 /home/vafh5947/public_html/wp-includes/blocks/legacy-widget.php(123): wp_footer()
#8 /home/vafh5947/public_html/wp-includes/ in /home/vafh5947/public_html/wp-content/plugins/woocommerce/templates/cart/mini-cart.php on line 24

2021-12-05T12:53:39+00:00 CRITICAL Uncaught Error: Call to a member function is_empty() on null in /home/vafh5947/public_html/wp-content/plugins/woocommerce/templates/cart/mini-cart.php:24
Stack trace:
#0 /home/vafh5947/public_html/wp-content/plugins/woocommerce/includes/wc-core-functions.php(345): include()
#1 /home/vafh5947/public_html/wp-content/plugins/woocommerce/includes/wc-template-functions.php(2215): wc_get_template('cart/mini-cart....', Array)
#2 /home/vafh5947/public_html/wp-content/themes/ornaldo/inc/woo/functions.php(146): woocommerce_mini_cart()
#3 /home/vafh5947/public_html/wp-includes/class-wp-hook.php(303): ftc_canvas_cart('')
#4 /home/vafh5947/public_html/wp-includes/class-wp-hook.php(327): WP_Hook->apply_filters(NULL, Array)
#5 /home/vafh5947/public_html/wp-includes/plugin.php(470): WP_Hook->do_action(Array)
#6 /home/vafh5947/public_html/wp-includes/general-template.php(3031): do_action('wp_footer')
#7 /home/vafh5947/public_html/wp-includes/blocks/legacy-widget.php(123): wp_footer()
#8 /home/vafh5947/public_html/wp-includes/ in /home/vafh5947/public_html/wp-content/plugins/woocommerce/templates/cart/mini-cart.php on line 24

2021-12-05T12:53:39+00:00 CRITICAL Uncaught Error: Call to a member function is_empty() on null in /home/vafh5947/public_html/wp-content/plugins/woocommerce/templates/cart/mini-cart.php:24
Stack trace:
#0 /home/vafh5947/public_html/wp-content/plugins/woocommerce/includes/wc-core-functions.php(345): include()
#1 /home/vafh5947/public_html/wp-content/plugins/woocommerce/includes/wc-template-functions.php(2215): wc_get_template('cart/mini-cart....', Array)
#2 /home/vafh5947/public_html/wp-content/themes/ornaldo/inc/woo/functions.php(146): woocommerce_mini_cart()
#3 /home/vafh5947/public_html/wp-includes/class-wp-hook.php(303): ftc_canvas_cart('')
#4 /home/vafh5947/public_html/wp-includes/class-wp-hook.php(327): WP_Hook->apply_filters(NULL, Array)
#5 /home/vafh5947/public_html/wp-includes/plugin.php(470): WP_Hook->do_action(Array)
#6 /home/vafh5947/public_html/wp-includes/general-template.php(3031): do_action('wp_footer')
#7 /home/vafh5947/public_html/wp-includes/blocks/legacy-widget.php(123): wp_footer()
#8 /home/vafh5947/public_html/wp-includes/ in /home/vafh5947/public_html/wp-content/plugins/woocommerce/templates/cart/mini-cart.php on line 24

2021-12-05T12:53:39+00:00 CRITICAL Uncaught Error: Call to a member function is_empty() on null in /home/vafh5947/public_html/wp-content/plugins/woocommerce/templates/cart/mini-cart.php:24
Stack trace:
#0 /home/vafh5947/public_html/wp-content/plugins/woocommerce/includes/wc-core-functions.php(345): include()
#1 /home/vafh5947/public_html/wp-content/plugins/woocommerce/includes/wc-template-functions.php(2215): wc_get_template('cart/mini-cart....', Array)
#2 /home/vafh5947/public_html/wp-content/themes/ornaldo/inc/woo/functions.php(146): woocommerce_mini_cart()
#3 /home/vafh5947/public_html/wp-includes/class-wp-hook.php(303): ftc_canvas_cart('')
#4 /home/vafh5947/public_html/wp-includes/class-wp-hook.php(327): WP_Hook->apply_filters(NULL, Array)
#5 /home/vafh5947/public_html/wp-includes/plugin.php(470): WP_Hook->do_action(Array)
#6 /home/vafh5947/public_html/wp-includes/general-template.php(3031): do_action('wp_footer')
#7 /home/vafh5947/public_html/wp-includes/blocks/legacy-widget.php(123): wp_footer()
#8 /home/vafh5947/public_html/wp-includes/ in /home/vafh5947/public_html/wp-content/plugins/woocommerce/templates/cart/mini-cart.php on line 24

2021-12-05T12:53:39+00:00 CRITICAL Uncaught Error: Call to a member function is_empty() on null in /home/vafh5947/public_html/wp-content/plugins/woocommerce/templates/cart/mini-cart.php:24
Stack trace:
#0 /home/vafh5947/public_html/wp-content/plugins/woocommerce/includes/wc-core-functions.php(345): include()
#1 /home/vafh5947/public_html/wp-content/plugins/woocommerce/includes/wc-template-functions.php(2215): wc_get_template('cart/mini-cart....', Array)
#2 /home/vafh5947/public_html/wp-content/themes/ornaldo/inc/woo/functions.php(146): woocommerce_mini_cart()
#3 /home/vafh5947/public_html/wp-includes/class-wp-hook.php(303): ftc_canvas_cart('')
#4 /home/vafh5947/public_html/wp-includes/class-wp-hook.php(327): WP_Hook->apply_filters(NULL, Array)
#5 /home/vafh5947/public_html/wp-includes/plugin.php(470): WP_Hook->do_action(Array)
#6 /home/vafh5947/public_html/wp-includes/general-template.php(3031): do_action('wp_footer')
#7 /home/vafh5947/public_html/wp-includes/blocks/legacy-widget.php(123): wp_footer()
#8 /home/vafh5947/public_html/wp-includes/ in /home/vafh5947/public_html/wp-content/plugins/woocommerce/templates/cart/mini-cart.php on line 24

